\BOOKMARK [0][-]{chapter.1}{\376\377\0001\000\040\000L\000i\000b\000S\000e\000r\000i\000a\000l\000\040\000c\000l\000a\000s\000s}{}% 1
\BOOKMARK [0][-]{chapter.2}{\376\377\0002\000\040\000C\000o\000m\000p\000i\000l\000e\000-\000t\000i\000m\000e\000\040\000c\000o\000n\000f\000i\000g\000u\000r\000a\000t\000i\000o\000n}{}% 2
\BOOKMARK [0][-]{chapter.3}{\376\377\0003\000\040\000D\000e\000b\000u\000g\000\040\000l\000o\000g\000g\000i\000n\000g\000\040\000s\000u\000p\000p\000o\000r\000t}{}% 3
\BOOKMARK [0][-]{chapter.4}{\376\377\0004\000\040\000U\000n\000i\000t\000\040\000m\000a\000c\000r\000o\000\047\000s}{}% 4
\BOOKMARK [0][-]{chapter.5}{\376\377\0005\000\040\000N\000o\000n\000-\000p\000r\000e\000e\000m\000p\000t\000i\000v\000e\000\040\000t\000a\000s\000k\000\040\000s\000w\000i\000t\000c\000h\000i\000n\000g}{}% 5
\BOOKMARK [0][-]{chapter.6}{\376\377\0006\000\040\000L\000a\000t\000e\000n\000c\000y}{}% 6
\BOOKMARK [0][-]{chapter.7}{\376\377\0007\000\040\000H\000i\000e\000r\000a\000r\000c\000h\000i\000c\000a\000l\000\040\000I\000n\000d\000e\000x}{}% 7
\BOOKMARK [1][-]{section.7.1}{\376\377\0007\000.\0001\000\040\000C\000l\000a\000s\000s\000\040\000H\000i\000e\000r\000a\000r\000c\000h\000y}{chapter.7}% 8
\BOOKMARK [0][-]{chapter.8}{\376\377\0008\000\040\000C\000l\000a\000s\000s\000\040\000I\000n\000d\000e\000x}{}% 9
\BOOKMARK [1][-]{section.8.1}{\376\377\0008\000.\0001\000\040\000C\000l\000a\000s\000s\000\040\000L\000i\000s\000t}{chapter.8}% 10
\BOOKMARK [0][-]{chapter.9}{\376\377\0009\000\040\000F\000i\000l\000e\000\040\000I\000n\000d\000e\000x}{}% 11
\BOOKMARK [1][-]{section.9.1}{\376\377\0009\000.\0001\000\040\000F\000i\000l\000e\000\040\000L\000i\000s\000t}{chapter.9}% 12
\BOOKMARK [0][-]{chapter.10}{\376\377\0001\0000\000\040\000C\000l\000a\000s\000s\000\040\000D\000o\000c\000u\000m\000e\000n\000t\000a\000t\000i\000o\000n}{}% 13
\BOOKMARK [1][-]{section.10.1}{\376\377\0001\0000\000.\0001\000\040\000B\000r\000o\000a\000d\000c\000a\000s\000t\000e\000r\000\040\000C\000l\000a\000s\000s\000\040\000R\000e\000f\000e\000r\000e\000n\000c\000e}{chapter.10}% 14
\BOOKMARK [1][-]{section.10.2}{\376\377\0001\0000\000.\0002\000\040\000R\000T\000O\000S\000:\000:\000c\000h\000a\000n\000n\000e\000l\000<\000\040\000T\000,\000\040\000S\000I\000Z\000E\000\040\000>\000\040\000C\000l\000a\000s\000s\000\040\000T\000e\000m\000p\000l\000a\000t\000e\000\040\000R\000e\000f\000e\000r\000e\000n\000c\000e}{chapter.10}% 15
\BOOKMARK [2][-]{subsection.10.2.1}{\376\377\0001\0000\000.\0002\000.\0001\000\040\000D\000e\000t\000a\000i\000l\000e\000d\000\040\000D\000e\000s\000c\000r\000i\000p\000t\000i\000o\000n}{section.10.2}% 16
\BOOKMARK [2][-]{subsection.10.2.2}{\376\377\0001\0000\000.\0002\000.\0002\000\040\000C\000o\000n\000s\000t\000r\000u\000c\000t\000o\000r\000\040\000\046\000\040\000D\000e\000s\000t\000r\000u\000c\000t\000o\000r\000\040\000D\000o\000c\000u\000m\000e\000n\000t\000a\000t\000i\000o\000n}{section.10.2}% 17
\BOOKMARK [3][-]{subsubsection.10.2.2.1}{\376\377\0001\0000\000.\0002\000.\0002\000.\0001\000\040\000c\000h\000a\000n\000n\000e\000l\000\050\000t\000a\000s\000k\000\040\000*\000t\000,\000\040\000c\000o\000n\000s\000t\000\040\000c\000h\000a\000r\000\040\000*\000n\000a\000m\000e\000=\000"\000"\000\051}{subsection.10.2.2}% 18
\BOOKMARK [2][-]{subsection.10.2.3}{\376\377\0001\0000\000.\0002\000.\0003\000\040\000M\000e\000m\000b\000e\000r\000\040\000F\000u\000n\000c\000t\000i\000o\000n\000\040\000D\000o\000c\000u\000m\000e\000n\000t\000a\000t\000i\000o\000n}{section.10.2}% 19
\BOOKMARK [3][-]{subsubsection.10.2.3.1}{\376\377\0001\0000\000.\0002\000.\0003\000.\0001\000\040\000c\000l\000e\000a\000r\000\050\000v\000o\000i\000d\000\051}{subsection.10.2.3}% 20
\BOOKMARK [1][-]{section.10.3}{\376\377\0001\0000\000.\0003\000\040\000R\000T\000O\000S\000:\000:\000c\000h\000a\000n\000n\000e\000l\000\137\000b\000a\000s\000e\000\040\000C\000l\000a\000s\000s\000\040\000R\000e\000f\000e\000r\000e\000n\000c\000e}{chapter.10}% 21
\BOOKMARK [2][-]{subsection.10.3.1}{\376\377\0001\0000\000.\0003\000.\0001\000\040\000D\000e\000t\000a\000i\000l\000e\000d\000\040\000D\000e\000s\000c\000r\000i\000p\000t\000i\000o\000n}{section.10.3}% 22
\BOOKMARK [1][-]{section.10.4}{\376\377\0001\0000\000.\0004\000\040\000R\000T\000O\000S\000:\000:\000c\000l\000o\000c\000k\000\040\000C\000l\000a\000s\000s\000\040\000R\000e\000f\000e\000r\000e\000n\000c\000e}{chapter.10}% 23
\BOOKMARK [2][-]{subsection.10.4.1}{\376\377\0001\0000\000.\0004\000.\0001\000\040\000D\000e\000t\000a\000i\000l\000e\000d\000\040\000D\000e\000s\000c\000r\000i\000p\000t\000i\000o\000n}{section.10.4}% 24
\BOOKMARK [2][-]{subsection.10.4.2}{\376\377\0001\0000\000.\0004\000.\0002\000\040\000C\000o\000n\000s\000t\000r\000u\000c\000t\000o\000r\000\040\000\046\000\040\000D\000e\000s\000t\000r\000u\000c\000t\000o\000r\000\040\000D\000o\000c\000u\000m\000e\000n\000t\000a\000t\000i\000o\000n}{section.10.4}% 25
\BOOKMARK [3][-]{subsubsection.10.4.2.1}{\376\377\0001\0000\000.\0004\000.\0002\000.\0001\000\040\000c\000l\000o\000c\000k\000\050\000t\000a\000s\000k\000\040\000*\000t\000,\000\040\000u\000n\000s\000i\000g\000n\000e\000d\000\040\000l\000o\000n\000g\000\040\000i\000n\000t\000\040\000p\000e\000r\000i\000o\000d\000,\000\040\000c\000o\000n\000s\000t\000\040\000c\000h\000a\000r\000\040\000*\000n\000a\000m\000e\000=\000"\000"\000\051}{subsection.10.4.2}% 26
\BOOKMARK [2][-]{subsection.10.4.3}{\376\377\0001\0000\000.\0004\000.\0003\000\040\000M\000e\000m\000b\000e\000r\000\040\000F\000u\000n\000c\000t\000i\000o\000n\000\040\000D\000o\000c\000u\000m\000e\000n\000t\000a\000t\000i\000o\000n}{section.10.4}% 27
\BOOKMARK [3][-]{subsubsection.10.4.3.1}{\376\377\0001\0000\000.\0004\000.\0003\000.\0001\000\040\000c\000l\000e\000a\000r\000\050\000v\000o\000i\000d\000\051}{subsection.10.4.3}% 28
\BOOKMARK [1][-]{section.10.5}{\376\377\0001\0000\000.\0005\000\040\000C\000o\000m\000m\000u\000n\000i\000c\000a\000t\000i\000n\000g\000S\000o\000c\000k\000e\000t\000\040\000C\000l\000a\000s\000s\000\040\000R\000e\000f\000e\000r\000e\000n\000c\000e}{chapter.10}% 29
\BOOKMARK [2][-]{subsection.10.5.1}{\376\377\0001\0000\000.\0005\000.\0001\000\040\000D\000e\000t\000a\000i\000l\000e\000d\000\040\000D\000e\000s\000c\000r\000i\000p\000t\000i\000o\000n}{section.10.5}% 30
\BOOKMARK [2][-]{subsection.10.5.2}{\376\377\0001\0000\000.\0005\000.\0002\000\040\000M\000e\000m\000b\000e\000r\000\040\000F\000u\000n\000c\000t\000i\000o\000n\000\040\000D\000o\000c\000u\000m\000e\000n\000t\000a\000t\000i\000o\000n}{section.10.5}% 31
\BOOKMARK [3][-]{subsubsection.10.5.2.1}{\376\377\0001\0000\000.\0005\000.\0002\000.\0001\000\040\000g\000e\000t\000F\000o\000r\000e\000i\000g\000n\000A\000d\000d\000r\000e\000s\000s\000\050\000\051}{subsection.10.5.2}% 32
\BOOKMARK [3][-]{subsubsection.10.5.2.2}{\376\377\0001\0000\000.\0005\000.\0002\000.\0002\000\040\000r\000e\000c\000v\000\050\000v\000o\000i\000d\000\040\000*\000b\000u\000f\000f\000e\000r\000,\000\040\000i\000n\000t\000\040\000b\000u\000f\000f\000e\000r\000L\000e\000n\000\051}{subsection.10.5.2}% 33
\BOOKMARK [3][-]{subsubsection.10.5.2.3}{\376\377\0001\0000\000.\0005\000.\0002\000.\0003\000\040\000r\000e\000c\000v\000F\000u\000l\000l\000y\000\050\000v\000o\000i\000d\000\040\000*\000b\000u\000f\000f\000e\000r\000,\000\040\000i\000n\000t\000\040\000b\000u\000f\000f\000e\000r\000L\000e\000n\000\051}{subsection.10.5.2}% 34
\BOOKMARK [3][-]{subsubsection.10.5.2.4}{\376\377\0001\0000\000.\0005\000.\0002\000.\0004\000\040\000s\000e\000n\000d\000\050\000c\000o\000n\000s\000t\000\040\000v\000o\000i\000d\000\040\000*\000b\000u\000f\000f\000e\000r\000,\000\040\000i\000n\000t\000\040\000b\000u\000f\000f\000e\000r\000L\000e\000n\000\051}{subsection.10.5.2}% 35
\BOOKMARK [1][-]{section.10.6}{\376\377\0001\0000\000.\0006\000\040\000D\000o\000o\000r\000\040\000C\000l\000a\000s\000s\000\040\000R\000e\000f\000e\000r\000e\000n\000c\000e}{chapter.10}% 36
\BOOKMARK [2][-]{subsection.10.6.1}{\376\377\0001\0000\000.\0006\000.\0001\000\040\000D\000e\000t\000a\000i\000l\000e\000d\000\040\000D\000e\000s\000c\000r\000i\000p\000t\000i\000o\000n}{section.10.6}% 37
\BOOKMARK [2][-]{subsection.10.6.2}{\376\377\0001\0000\000.\0006\000.\0002\000\040\000C\000o\000n\000s\000t\000r\000u\000c\000t\000o\000r\000\040\000\046\000\040\000D\000e\000s\000t\000r\000u\000c\000t\000o\000r\000\040\000D\000o\000c\000u\000m\000e\000n\000t\000a\000t\000i\000o\000n}{section.10.6}% 38
\BOOKMARK [3][-]{subsubsection.10.6.2.1}{\376\377\0001\0000\000.\0006\000.\0002\000.\0001\000\040\000D\000o\000o\000r\000\050\000\051}{subsection.10.6.2}% 39
\BOOKMARK [2][-]{subsection.10.6.3}{\376\377\0001\0000\000.\0006\000.\0003\000\040\000M\000e\000m\000b\000e\000r\000\040\000F\000u\000n\000c\000t\000i\000o\000n\000\040\000D\000o\000c\000u\000m\000e\000n\000t\000a\000t\000i\000o\000n}{section.10.6}% 40
\BOOKMARK [3][-]{subsubsection.10.6.3.1}{\376\377\0001\0000\000.\0006\000.\0003\000.\0001\000\040\000g\000e\000t\000L\000o\000c\000k\000C\000o\000m\000m\000a\000n\000d\000\050\000\051}{subsection.10.6.3}% 41
\BOOKMARK [3][-]{subsubsection.10.6.3.2}{\376\377\0001\0000\000.\0006\000.\0003\000.\0002\000\040\000g\000e\000t\000S\000t\000a\000t\000u\000s\000C\000o\000m\000m\000a\000n\000d\000\050\000\051}{subsection.10.6.3}% 42
\BOOKMARK [3][-]{subsubsection.10.6.3.3}{\376\377\0001\0000\000.\0006\000.\0003\000.\0003\000\040\000g\000e\000t\000U\000n\000l\000o\000c\000k\000C\000o\000m\000m\000a\000n\000d\000\050\000\051}{subsection.10.6.3}% 43
\BOOKMARK [1][-]{section.10.7}{\376\377\0001\0000\000.\0007\000\040\000R\000T\000O\000S\000:\000:\000e\000v\000e\000n\000t\000\040\000C\000l\000a\000s\000s\000\040\000R\000e\000f\000e\000r\000e\000n\000c\000e}{chapter.10}% 44
\BOOKMARK [2][-]{subsection.10.7.1}{\376\377\0001\0000\000.\0007\000.\0001\000\040\000D\000e\000t\000a\000i\000l\000e\000d\000\040\000D\000e\000s\000c\000r\000i\000p\000t\000i\000o\000n}{section.10.7}% 45
\BOOKMARK [2][-]{subsection.10.7.2}{\376\377\0001\0000\000.\0007\000.\0002\000\040\000M\000e\000m\000b\000e\000r\000\040\000F\000u\000n\000c\000t\000i\000o\000n\000\040\000D\000o\000c\000u\000m\000e\000n\000t\000a\000t\000i\000o\000n}{section.10.7}% 46
\BOOKMARK [3][-]{subsubsection.10.7.2.1}{\376\377\0001\0000\000.\0007\000.\0002\000.\0001\000\040\000o\000p\000e\000r\000a\000t\000o\000r\000+\000\050\000c\000o\000n\000s\000t\000\040\000e\000v\000e\000n\000t\000\040\000r\000h\000s\000\051\000\040\000c\000o\000n\000s\000t\000\040}{subsection.10.7.2}% 47
\BOOKMARK [2][-]{subsection.10.7.3}{\376\377\0001\0000\000.\0007\000.\0003\000\040\000M\000e\000m\000b\000e\000r\000\040\000D\000a\000t\000a\000\040\000D\000o\000c\000u\000m\000e\000n\000t\000a\000t\000i\000o\000n}{section.10.7}% 48
\BOOKMARK [3][-]{subsubsection.10.7.3.1}{\376\377\0001\0000\000.\0007\000.\0003\000.\0001\000\040\000m\000a\000s\000k}{subsection.10.7.3}% 49
\BOOKMARK [1][-]{section.10.8}{\376\377\0001\0000\000.\0008\000\040\000f\000i\000b\000e\000r\000\137\000t\000\040\000C\000l\000a\000s\000s\000\040\000R\000e\000f\000e\000r\000e\000n\000c\000e}{chapter.10}% 50
\BOOKMARK [2][-]{subsection.10.8.1}{\376\377\0001\0000\000.\0008\000.\0001\000\040\000D\000e\000t\000a\000i\000l\000e\000d\000\040\000D\000e\000s\000c\000r\000i\000p\000t\000i\000o\000n}{section.10.8}% 51
\BOOKMARK [2][-]{subsection.10.8.2}{\376\377\0001\0000\000.\0008\000.\0002\000\040\000C\000o\000n\000s\000t\000r\000u\000c\000t\000o\000r\000\040\000\046\000\040\000D\000e\000s\000t\000r\000u\000c\000t\000o\000r\000\040\000D\000o\000c\000u\000m\000e\000n\000t\000a\000t\000i\000o\000n}{section.10.8}% 52
\BOOKMARK [3][-]{subsubsection.10.8.2.1}{\376\377\0001\0000\000.\0008\000.\0002\000.\0001\000\040\000f\000i\000b\000e\000r\000t\000\050\000v\000o\000i\000d\000\050\000*\000f\000u\000n\000c\000\051\000\050\000v\000o\000i\000d\000\051\000,\000\040\000i\000n\000t\000\040\000s\000z\000\051}{subsection.10.8.2}% 53
\BOOKMARK [3][-]{subsubsection.10.8.2.2}{\376\377\0001\0000\000.\0008\000.\0002\000.\0002\000\040\000\040\000f\000i\000b\000e\000r\000t\000\050\000v\000o\000i\000d\000\051}{subsection.10.8.2}% 54
\BOOKMARK [2][-]{subsection.10.8.3}{\376\377\0001\0000\000.\0008\000.\0003\000\040\000M\000e\000m\000b\000e\000r\000\040\000F\000u\000n\000c\000t\000i\000o\000n\000\040\000D\000o\000c\000u\000m\000e\000n\000t\000a\000t\000i\000o\000n}{section.10.8}% 55
\BOOKMARK [3][-]{subsubsection.10.8.3.1}{\376\377\0001\0000\000.\0008\000.\0003\000.\0001\000\040\000r\000e\000s\000u\000m\000e\000\050\000v\000o\000i\000d\000\051}{subsection.10.8.3}% 56
\BOOKMARK [3][-]{subsubsection.10.8.3.2}{\376\377\0001\0000\000.\0008\000.\0003\000.\0002\000\040\000s\000t\000a\000c\000k\000B\000a\000s\000e\000\050\000v\000o\000i\000d\000\051}{subsection.10.8.3}% 57
\BOOKMARK [3][-]{subsubsection.10.8.3.3}{\376\377\0001\0000\000.\0008\000.\0003\000.\0003\000\040\000s\000t\000a\000c\000k\000S\000i\000z\000e\000\050\000v\000o\000i\000d\000\051}{subsection.10.8.3}% 58
\BOOKMARK [3][-]{subsubsection.10.8.3.4}{\376\377\0001\0000\000.\0008\000.\0003\000.\0004\000\040\000s\000t\000a\000c\000k\000U\000s\000e\000d\000\050\000v\000o\000i\000d\000\051}{subsection.10.8.3}% 59
\BOOKMARK [2][-]{subsection.10.8.4}{\376\377\0001\0000\000.\0008\000.\0004\000\040\000M\000e\000m\000b\000e\000r\000\040\000D\000a\000t\000a\000\040\000D\000o\000c\000u\000m\000e\000n\000t\000a\000t\000i\000o\000n}{section.10.8}% 60
\BOOKMARK [3][-]{subsubsection.10.8.4.1}{\376\377\0001\0000\000.\0008\000.\0004\000.\0001\000\040\000m\000a\000i\000n\000f\000i\000b\000e\000r}{subsection.10.8.4}% 61
\BOOKMARK [3][-]{subsubsection.10.8.4.2}{\376\377\0001\0000\000.\0008\000.\0004\000.\0002\000\040\000r\000u\000n\000n\000i\000n\000g\000f\000i\000b\000e\000r}{subsection.10.8.4}% 62
\BOOKMARK [1][-]{section.10.9}{\376\377\0001\0000\000.\0009\000\040\000R\000T\000O\000S\000:\000:\000f\000l\000a\000g\000\040\000C\000l\000a\000s\000s\000\040\000R\000e\000f\000e\000r\000e\000n\000c\000e}{chapter.10}% 63
\BOOKMARK [2][-]{subsection.10.9.1}{\376\377\0001\0000\000.\0009\000.\0001\000\040\000D\000e\000t\000a\000i\000l\000e\000d\000\040\000D\000e\000s\000c\000r\000i\000p\000t\000i\000o\000n}{section.10.9}% 64
\BOOKMARK [2][-]{subsection.10.9.2}{\376\377\0001\0000\000.\0009\000.\0002\000\040\000C\000o\000n\000s\000t\000r\000u\000c\000t\000o\000r\000\040\000\046\000\040\000D\000e\000s\000t\000r\000u\000c\000t\000o\000r\000\040\000D\000o\000c\000u\000m\000e\000n\000t\000a\000t\000i\000o\000n}{section.10.9}% 65
\BOOKMARK [3][-]{subsubsection.10.9.2.1}{\376\377\0001\0000\000.\0009\000.\0002\000.\0001\000\040\000f\000l\000a\000g\000\050\000t\000a\000s\000k\000\040\000*\000t\000,\000\040\000c\000o\000n\000s\000t\000\040\000c\000h\000a\000r\000\040\000*\000n\000a\000m\000e\000=\000"\000"\000\051}{subsection.10.9.2}% 66
\BOOKMARK [2][-]{subsection.10.9.3}{\376\377\0001\0000\000.\0009\000.\0003\000\040\000M\000e\000m\000b\000e\000r\000\040\000F\000u\000n\000c\000t\000i\000o\000n\000\040\000D\000o\000c\000u\000m\000e\000n\000t\000a\000t\000i\000o\000n}{section.10.9}% 67
\BOOKMARK [3][-]{subsubsection.10.9.3.1}{\376\377\0001\0000\000.\0009\000.\0003\000.\0001\000\040\000s\000e\000t\000\050\000v\000o\000i\000d\000\051}{subsection.10.9.3}% 68
\BOOKMARK [1][-]{section.10.10}{\376\377\0001\0000\000.\0001\0000\000\040\000H\000e\000a\000t\000e\000r\000\040\000C\000l\000a\000s\000s\000\040\000R\000e\000f\000e\000r\000e\000n\000c\000e}{chapter.10}% 69
\BOOKMARK [2][-]{subsection.10.10.1}{\376\377\0001\0000\000.\0001\0000\000.\0001\000\040\000D\000e\000t\000a\000i\000l\000e\000d\000\040\000D\000e\000s\000c\000r\000i\000p\000t\000i\000o\000n}{section.10.10}% 70
\BOOKMARK [2][-]{subsection.10.10.2}{\376\377\0001\0000\000.\0001\0000\000.\0002\000\040\000C\000o\000n\000s\000t\000r\000u\000c\000t\000o\000r\000\040\000\046\000\040\000D\000e\000s\000t\000r\000u\000c\000t\000o\000r\000\040\000D\000o\000c\000u\000m\000e\000n\000t\000a\000t\000i\000o\000n}{section.10.10}% 71
\BOOKMARK [3][-]{subsubsection.10.10.2.1}{\376\377\0001\0000\000.\0001\0000\000.\0002\000.\0001\000\040\000H\000e\000a\000t\000e\000r\000\050\000\051}{subsection.10.10.2}% 72
\BOOKMARK [2][-]{subsection.10.10.3}{\376\377\0001\0000\000.\0001\0000\000.\0003\000\040\000M\000e\000m\000b\000e\000r\000\040\000F\000u\000n\000c\000t\000i\000o\000n\000\040\000D\000o\000c\000u\000m\000e\000n\000t\000a\000t\000i\000o\000n}{section.10.10}% 73
\BOOKMARK [3][-]{subsubsection.10.10.3.1}{\376\377\0001\0000\000.\0001\0000\000.\0003\000.\0001\000\040\000g\000e\000t\000O\000f\000f\000C\000o\000m\000m\000a\000n\000d\000\050\000\051}{subsection.10.10.3}% 74
\BOOKMARK [3][-]{subsubsection.10.10.3.2}{\376\377\0001\0000\000.\0001\0000\000.\0003\000.\0002\000\040\000g\000e\000t\000O\000n\000C\000o\000m\000m\000a\000n\000d\000\050\000\051}{subsection.10.10.3}% 75
\BOOKMARK [3][-]{subsubsection.10.10.3.3}{\376\377\0001\0000\000.\0001\0000\000.\0003\000.\0003\000\040\000g\000e\000t\000S\000t\000a\000t\000u\000s\000C\000o\000m\000m\000a\000n\000d\000\050\000\051}{subsection.10.10.3}% 76
\BOOKMARK [1][-]{section.10.11}{\376\377\0001\0000\000.\0001\0001\000\040\000L\000i\000b\000S\000e\000r\000i\000a\000l\000\040\000C\000l\000a\000s\000s\000\040\000R\000e\000f\000e\000r\000e\000n\000c\000e}{chapter.10}% 77
\BOOKMARK [2][-]{subsection.10.11.1}{\376\377\0001\0000\000.\0001\0001\000.\0001\000\040\000D\000e\000t\000a\000i\000l\000e\000d\000\040\000D\000e\000s\000c\000r\000i\000p\000t\000i\000o\000n}{section.10.11}% 78
\BOOKMARK [2][-]{subsection.10.11.2}{\376\377\0001\0000\000.\0001\0001\000.\0002\000\040\000M\000e\000m\000b\000e\000r\000\040\000F\000u\000n\000c\000t\000i\000o\000n\000\040\000D\000o\000c\000u\000m\000e\000n\000t\000a\000t\000i\000o\000n}{section.10.11}% 79
\BOOKMARK [3][-]{subsubsection.10.11.2.1}{\376\377\0001\0000\000.\0001\0001\000.\0002\000.\0001\000\040\000o\000p\000e\000n\000\050\000c\000o\000n\000s\000t\000\040\000c\000h\000a\000r\000\040\000*\000d\000e\000v\000i\000c\000e\000,\000\040\000u\000n\000s\000i\000g\000n\000e\000d\000\040\000i\000n\000t\000\040\000b\000a\000u\000d\000s\000\051}{subsection.10.11.2}% 80
\BOOKMARK [3][-]{subsubsection.10.11.2.2}{\376\377\0001\0000\000.\0001\0001\000.\0002\000.\0002\000\040\000p\000e\000e\000k\000\050\000v\000o\000i\000d\000\051}{subsection.10.11.2}% 81
\BOOKMARK [3][-]{subsubsection.10.11.2.3}{\376\377\0001\0000\000.\0001\0001\000.\0002\000.\0003\000\040\000r\000e\000a\000d\000\050\000v\000o\000i\000d\000\040\000*\000b\000u\000f\000f\000e\000r\000,\000\040\000u\000n\000s\000i\000g\000n\000e\000d\000\040\000i\000n\000t\000\040\000m\000a\000x\000B\000y\000t\000e\000s\000\051}{subsection.10.11.2}% 82
\BOOKMARK [3][-]{subsubsection.10.11.2.4}{\376\377\0001\0000\000.\0001\0001\000.\0002\000.\0004\000\040\000r\000e\000a\000d\000C\000h\000a\000r\000\050\000c\000h\000a\000r\000\040\000*\000p\000B\000y\000t\000e\000\051}{subsection.10.11.2}% 83
\BOOKMARK [3][-]{subsubsection.10.11.2.5}{\376\377\0001\0000\000.\0001\0001\000.\0002\000.\0005\000\040\000r\000e\000a\000d\000S\000t\000r\000i\000n\000g\000\050\000c\000h\000a\000r\000\040\000*\000s\000t\000r\000i\000n\000g\000,\000\040\000c\000h\000a\000r\000\040\000f\000i\000n\000a\000l\000C\000h\000a\000r\000,\000\040\000u\000n\000s\000i\000g\000n\000e\000d\000\040\000i\000n\000t\000\040\000m\000a\000x\000B\000y\000t\000e\000s\000\051}{subsection.10.11.2}% 84
\BOOKMARK [3][-]{subsubsection.10.11.2.6}{\376\377\0001\0000\000.\0001\0001\000.\0002\000.\0006\000\040\000w\000r\000i\000t\000e\000\050\000c\000o\000n\000s\000t\000\040\000v\000o\000i\000d\000\040\000*\000b\000u\000f\000f\000e\000r\000,\000\040\000u\000n\000s\000i\000g\000n\000e\000d\000\040\000i\000n\000t\000\040\000n\000b\000B\000y\000t\000e\000s\000\051}{subsection.10.11.2}% 85
\BOOKMARK [3][-]{subsubsection.10.11.2.7}{\376\377\0001\0000\000.\0001\0001\000.\0002\000.\0007\000\040\000w\000r\000i\000t\000e\000C\000h\000a\000r\000\050\000c\000h\000a\000r\000\051}{subsection.10.11.2}% 86
\BOOKMARK [3][-]{subsubsection.10.11.2.8}{\376\377\0001\0000\000.\0001\0001\000.\0002\000.\0008\000\040\000w\000r\000i\000t\000e\000S\000t\000r\000i\000n\000g\000\050\000c\000o\000n\000s\000t\000\040\000c\000h\000a\000r\000\040\000*\000s\000t\000r\000i\000n\000g\000\051}{subsection.10.11.2}% 87
\BOOKMARK [1][-]{section.10.12}{\376\377\0001\0000\000.\0001\0002\000\040\000R\000T\000O\000S\000:\000:\000m\000a\000i\000l\000b\000o\000x\000<\000\040\000T\000\040\000>\000\040\000C\000l\000a\000s\000s\000\040\000T\000e\000m\000p\000l\000a\000t\000e\000\040\000R\000e\000f\000e\000r\000e\000n\000c\000e}{chapter.10}% 88
\BOOKMARK [2][-]{subsection.10.12.1}{\376\377\0001\0000\000.\0001\0002\000.\0001\000\040\000D\000e\000t\000a\000i\000l\000e\000d\000\040\000D\000e\000s\000c\000r\000i\000p\000t\000i\000o\000n}{section.10.12}% 89
\BOOKMARK [2][-]{subsection.10.12.2}{\376\377\0001\0000\000.\0001\0002\000.\0002\000\040\000C\000o\000n\000s\000t\000r\000u\000c\000t\000o\000r\000\040\000\046\000\040\000D\000e\000s\000t\000r\000u\000c\000t\000o\000r\000\040\000D\000o\000c\000u\000m\000e\000n\000t\000a\000t\000i\000o\000n}{section.10.12}% 90
\BOOKMARK [3][-]{subsubsection.10.12.2.1}{\376\377\0001\0000\000.\0001\0002\000.\0002\000.\0001\000\040\000m\000a\000i\000l\000b\000o\000x\000\050\000c\000o\000n\000s\000t\000\040\000c\000h\000a\000r\000\040\000*\000n\000a\000m\000e\000=\000"\000"\000\051}{subsection.10.12.2}% 91
\BOOKMARK [2][-]{subsection.10.12.3}{\376\377\0001\0000\000.\0001\0002\000.\0003\000\040\000M\000e\000m\000b\000e\000r\000\040\000F\000u\000n\000c\000t\000i\000o\000n\000\040\000D\000o\000c\000u\000m\000e\000n\000t\000a\000t\000i\000o\000n}{section.10.12}% 92
\BOOKMARK [3][-]{subsubsection.10.12.3.1}{\376\377\0001\0000\000.\0001\0002\000.\0003\000.\0001\000\040\000r\000e\000a\000d\000\050\000v\000o\000i\000d\000\051}{subsection.10.12.3}% 93
\BOOKMARK [3][-]{subsubsection.10.12.3.2}{\376\377\0001\0000\000.\0001\0002\000.\0003\000.\0002\000\040\000w\000r\000i\000t\000e\000\050\000c\000o\000n\000s\000t\000\040\000T\000\040\000i\000t\000e\000m\000\051}{subsection.10.12.3}% 94
\BOOKMARK [1][-]{section.10.13}{\376\377\0001\0000\000.\0001\0003\000\040\000R\000T\000O\000S\000:\000:\000m\000a\000i\000l\000b\000o\000x\000\137\000b\000a\000s\000e\000\040\000C\000l\000a\000s\000s\000\040\000R\000e\000f\000e\000r\000e\000n\000c\000e}{chapter.10}% 95
\BOOKMARK [2][-]{subsection.10.13.1}{\376\377\0001\0000\000.\0001\0003\000.\0001\000\040\000D\000e\000t\000a\000i\000l\000e\000d\000\040\000D\000e\000s\000c\000r\000i\000p\000t\000i\000o\000n}{section.10.13}% 96
\BOOKMARK [1][-]{section.10.14}{\376\377\0001\0000\000.\0001\0004\000\040\000M\000o\000t\000o\000r\000\040\000C\000l\000a\000s\000s\000\040\000R\000e\000f\000e\000r\000e\000n\000c\000e}{chapter.10}% 97
\BOOKMARK [2][-]{subsection.10.14.1}{\376\377\0001\0000\000.\0001\0004\000.\0001\000\040\000D\000e\000t\000a\000i\000l\000e\000d\000\040\000D\000e\000s\000c\000r\000i\000p\000t\000i\000o\000n}{section.10.14}% 98
\BOOKMARK [2][-]{subsection.10.14.2}{\376\377\0001\0000\000.\0001\0004\000.\0002\000\040\000C\000o\000n\000s\000t\000r\000u\000c\000t\000o\000r\000\040\000\046\000\040\000D\000e\000s\000t\000r\000u\000c\000t\000o\000r\000\040\000D\000o\000c\000u\000m\000e\000n\000t\000a\000t\000i\000o\000n}{section.10.14}% 99
\BOOKMARK [3][-]{subsubsection.10.14.2.1}{\376\377\0001\0000\000.\0001\0004\000.\0002\000.\0001\000\040\000M\000o\000t\000o\000r\000\050\000\051}{subsection.10.14.2}% 100
\BOOKMARK [2][-]{subsection.10.14.3}{\376\377\0001\0000\000.\0001\0004\000.\0003\000\040\000M\000e\000m\000b\000e\000r\000\040\000F\000u\000n\000c\000t\000i\000o\000n\000\040\000D\000o\000c\000u\000m\000e\000n\000t\000a\000t\000i\000o\000n}{section.10.14}% 101
\BOOKMARK [3][-]{subsubsection.10.14.3.1}{\376\377\0001\0000\000.\0001\0004\000.\0003\000.\0001\000\040\000g\000e\000t\000M\000o\000t\000o\000r\000S\000p\000e\000e\000d\000C\000o\000m\000m\000a\000n\000d\000\050\000\051}{subsection.10.14.3}% 102
\BOOKMARK [3][-]{subsubsection.10.14.3.2}{\376\377\0001\0000\000.\0001\0004\000.\0003\000.\0002\000\040\000t\000u\000r\000n\000\050\000b\000o\000o\000l\000\040\000d\000i\000r\000,\000\040\000i\000n\000t\000\040\000s\000p\000e\000e\000d\000\051}{subsection.10.14.3}% 103
\BOOKMARK [1][-]{section.10.15}{\376\377\0001\0000\000.\0001\0005\000\040\000M\000o\000t\000o\000r\000C\000o\000n\000t\000r\000o\000l\000l\000e\000r\000\040\000C\000l\000a\000s\000s\000\040\000R\000e\000f\000e\000r\000e\000n\000c\000e}{chapter.10}% 104
\BOOKMARK [2][-]{subsection.10.15.1}{\376\377\0001\0000\000.\0001\0005\000.\0001\000\040\000M\000e\000m\000b\000e\000r\000\040\000F\000u\000n\000c\000t\000i\000o\000n\000\040\000D\000o\000c\000u\000m\000e\000n\000t\000a\000t\000i\000o\000n}{section.10.15}% 105
\BOOKMARK [3][-]{subsubsection.10.15.1.1}{\376\377\0001\0000\000.\0001\0005\000.\0001\000.\0001\000\040\000g\000e\000t\000M\000o\000t\000o\000r\000S\000p\000e\000e\000d\000\050\000\051}{subsection.10.15.1}% 106
\BOOKMARK [3][-]{subsubsection.10.15.1.2}{\376\377\0001\0000\000.\0001\0005\000.\0001\000.\0002\000\040\000m\000a\000i\000n\000\050\000\051}{subsection.10.15.1}% 107
\BOOKMARK [3][-]{subsubsection.10.15.1.3}{\376\377\0001\0000\000.\0001\0005\000.\0001\000.\0003\000\040\000s\000e\000t\000M\000o\000t\000o\000r\000J\000o\000b\000\050\000i\000n\000t\000\040\000j\000o\000b\000,\000\040\000i\000n\000t\000\040\000t\000i\000m\000e\000\051}{subsection.10.15.1}% 108
\BOOKMARK [3][-]{subsubsection.10.15.1.4}{\376\377\0001\0000\000.\0001\0005\000.\0001\000.\0004\000\040\000s\000e\000t\000R\000e\000s\000p\000o\000n\000s\000e\000F\000l\000a\000g\000\050\000\051}{subsection.10.15.1}% 109
\BOOKMARK [3][-]{subsubsection.10.15.1.5}{\376\377\0001\0000\000.\0001\0005\000.\0001\000.\0005\000\040\000s\000e\000t\000U\000a\000r\000t\000P\000o\000i\000n\000t\000e\000r\000\050\000U\000A\000R\000T\000\040\000*\000u\000\051}{subsection.10.15.1}% 110
\BOOKMARK [3][-]{subsubsection.10.15.1.6}{\376\377\0001\0000\000.\0001\0005\000.\0001\000.\0006\000\040\000w\000r\000i\000t\000e\000R\000e\000s\000p\000o\000n\000s\000e\000\050\000c\000h\000a\000r\000\040\000*\000r\000e\000s\000p\000o\000n\000s\000e\000\051}{subsection.10.15.1}% 111
\BOOKMARK [1][-]{section.10.16}{\376\377\0001\0000\000.\0001\0006\000\040\000R\000T\000O\000S\000:\000:\000m\000u\000t\000e\000x\000\040\000C\000l\000a\000s\000s\000\040\000R\000e\000f\000e\000r\000e\000n\000c\000e}{chapter.10}% 112
\BOOKMARK [2][-]{subsection.10.16.1}{\376\377\0001\0000\000.\0001\0006\000.\0001\000\040\000D\000e\000t\000a\000i\000l\000e\000d\000\040\000D\000e\000s\000c\000r\000i\000p\000t\000i\000o\000n}{section.10.16}% 113
\BOOKMARK [2][-]{subsection.10.16.2}{\376\377\0001\0000\000.\0001\0006\000.\0002\000\040\000C\000o\000n\000s\000t\000r\000u\000c\000t\000o\000r\000\040\000\046\000\040\000D\000e\000s\000t\000r\000u\000c\000t\000o\000r\000\040\000D\000o\000c\000u\000m\000e\000n\000t\000a\000t\000i\000o\000n}{section.10.16}% 114
\BOOKMARK [3][-]{subsubsection.10.16.2.1}{\376\377\0001\0000\000.\0001\0006\000.\0002\000.\0001\000\040\000m\000u\000t\000e\000x\000\050\000c\000o\000n\000s\000t\000\040\000c\000h\000a\000r\000\040\000*\000n\000a\000m\000e\000=\000"\000"\000\051}{subsection.10.16.2}% 115
\BOOKMARK [3][-]{subsubsection.10.16.2.2}{\376\377\0001\0000\000.\0001\0006\000.\0002\000.\0002\000\040\000\040\000m\000u\000t\000e\000x\000\050\000v\000o\000i\000d\000\051}{subsection.10.16.2}% 116
\BOOKMARK [2][-]{subsection.10.16.3}{\376\377\0001\0000\000.\0001\0006\000.\0003\000\040\000M\000e\000m\000b\000e\000r\000\040\000F\000u\000n\000c\000t\000i\000o\000n\000\040\000D\000o\000c\000u\000m\000e\000n\000t\000a\000t\000i\000o\000n}{section.10.16}% 117
\BOOKMARK [3][-]{subsubsection.10.16.3.1}{\376\377\0001\0000\000.\0001\0006\000.\0003\000.\0001\000\040\000s\000i\000g\000n\000a\000l\000\050\000v\000o\000i\000d\000\051}{subsection.10.16.3}% 118
\BOOKMARK [3][-]{subsubsection.10.16.3.2}{\376\377\0001\0000\000.\0001\0006\000.\0003\000.\0002\000\040\000w\000a\000i\000t\000\050\000v\000o\000i\000d\000\051}{subsection.10.16.3}% 119
\BOOKMARK [1][-]{section.10.17}{\376\377\0001\0000\000.\0001\0007\000\040\000R\000T\000O\000S\000:\000:\000p\000o\000o\000l\000<\000\040\000T\000\040\000>\000\040\000C\000l\000a\000s\000s\000\040\000T\000e\000m\000p\000l\000a\000t\000e\000\040\000R\000e\000f\000e\000r\000e\000n\000c\000e}{chapter.10}% 120
\BOOKMARK [2][-]{subsection.10.17.1}{\376\377\0001\0000\000.\0001\0007\000.\0001\000\040\000D\000e\000t\000a\000i\000l\000e\000d\000\040\000D\000e\000s\000c\000r\000i\000p\000t\000i\000o\000n}{section.10.17}% 121
\BOOKMARK [2][-]{subsection.10.17.2}{\376\377\0001\0000\000.\0001\0007\000.\0002\000\040\000C\000o\000n\000s\000t\000r\000u\000c\000t\000o\000r\000\040\000\046\000\040\000D\000e\000s\000t\000r\000u\000c\000t\000o\000r\000\040\000D\000o\000c\000u\000m\000e\000n\000t\000a\000t\000i\000o\000n}{section.10.17}% 122
\BOOKMARK [3][-]{subsubsection.10.17.2.1}{\376\377\0001\0000\000.\0001\0007\000.\0002\000.\0001\000\040\000p\000o\000o\000l\000\050\000c\000o\000n\000s\000t\000\040\000c\000h\000a\000r\000\040\000*\000n\000a\000m\000e\000=\000"\000"\000\051}{subsection.10.17.2}% 123
\BOOKMARK [2][-]{subsection.10.17.3}{\376\377\0001\0000\000.\0001\0007\000.\0003\000\040\000M\000e\000m\000b\000e\000r\000\040\000F\000u\000n\000c\000t\000i\000o\000n\000\040\000D\000o\000c\000u\000m\000e\000n\000t\000a\000t\000i\000o\000n}{section.10.17}% 124
\BOOKMARK [3][-]{subsubsection.10.17.3.1}{\376\377\0001\0000\000.\0001\0007\000.\0003\000.\0001\000\040\000r\000e\000a\000d\000\050\000v\000o\000i\000d\000\051}{subsection.10.17.3}% 125
\BOOKMARK [3][-]{subsubsection.10.17.3.2}{\376\377\0001\0000\000.\0001\0007\000.\0003\000.\0002\000\040\000w\000r\000i\000t\000e\000\050\000T\000\040\000i\000t\000e\000m\000\051}{subsection.10.17.3}% 126
\BOOKMARK [1][-]{section.10.18}{\376\377\0001\0000\000.\0001\0008\000\040\000R\000T\000O\000S\000:\000:\000p\000o\000o\000l\000\137\000b\000a\000s\000e\000\040\000C\000l\000a\000s\000s\000\040\000R\000e\000f\000e\000r\000e\000n\000c\000e}{chapter.10}% 127
\BOOKMARK [2][-]{subsection.10.18.1}{\376\377\0001\0000\000.\0001\0008\000.\0001\000\040\000D\000e\000t\000a\000i\000l\000e\000d\000\040\000D\000e\000s\000c\000r\000i\000p\000t\000i\000o\000n}{section.10.18}% 128
\BOOKMARK [1][-]{section.10.19}{\376\377\0001\0000\000.\0001\0009\000\040\000P\000u\000m\000p\000\040\000C\000l\000a\000s\000s\000\040\000R\000e\000f\000e\000r\000e\000n\000c\000e}{chapter.10}% 129
\BOOKMARK [2][-]{subsection.10.19.1}{\376\377\0001\0000\000.\0001\0009\000.\0001\000\040\000D\000e\000t\000a\000i\000l\000e\000d\000\040\000D\000e\000s\000c\000r\000i\000p\000t\000i\000o\000n}{section.10.19}% 130
\BOOKMARK [2][-]{subsection.10.19.2}{\376\377\0001\0000\000.\0001\0009\000.\0002\000\040\000C\000o\000n\000s\000t\000r\000u\000c\000t\000o\000r\000\040\000\046\000\040\000D\000e\000s\000t\000r\000u\000c\000t\000o\000r\000\040\000D\000o\000c\000u\000m\000e\000n\000t\000a\000t\000i\000o\000n}{section.10.19}% 131
\BOOKMARK [3][-]{subsubsection.10.19.2.1}{\376\377\0001\0000\000.\0001\0009\000.\0002\000.\0001\000\040\000P\000u\000m\000p\000\050\000\051}{subsection.10.19.2}% 132
\BOOKMARK [2][-]{subsection.10.19.3}{\376\377\0001\0000\000.\0001\0009\000.\0003\000\040\000M\000e\000m\000b\000e\000r\000\040\000F\000u\000n\000c\000t\000i\000o\000n\000\040\000D\000o\000c\000u\000m\000e\000n\000t\000a\000t\000i\000o\000n}{section.10.19}% 133
\BOOKMARK [3][-]{subsubsection.10.19.3.1}{\376\377\0001\0000\000.\0001\0009\000.\0003\000.\0001\000\040\000g\000e\000t\000O\000f\000f\000C\000o\000m\000m\000a\000n\000d\000\050\000\051}{subsection.10.19.3}% 134
\BOOKMARK [3][-]{subsubsection.10.19.3.2}{\376\377\0001\0000\000.\0001\0009\000.\0003\000.\0002\000\040\000g\000e\000t\000O\000n\000C\000o\000m\000m\000a\000n\000d\000\050\000\051}{subsection.10.19.3}% 135
\BOOKMARK [3][-]{subsubsection.10.19.3.3}{\376\377\0001\0000\000.\0001\0009\000.\0003\000.\0003\000\040\000g\000e\000t\000S\000t\000a\000t\000u\000s\000C\000o\000m\000m\000a\000n\000d\000\050\000\051}{subsection.10.19.3}% 136
\BOOKMARK [1][-]{section.10.20}{\376\377\0001\0000\000.\0002\0000\000\040\000R\000T\000O\000S\000\040\000C\000l\000a\000s\000s\000\040\000R\000e\000f\000e\000r\000e\000n\000c\000e}{chapter.10}% 137
\BOOKMARK [2][-]{subsection.10.20.1}{\376\377\0001\0000\000.\0002\0000\000.\0001\000\040\000D\000e\000t\000a\000i\000l\000e\000d\000\040\000D\000e\000s\000c\000r\000i\000p\000t\000i\000o\000n}{section.10.20}% 138
\BOOKMARK [2][-]{subsection.10.20.2}{\376\377\0001\0000\000.\0002\0000\000.\0002\000\040\000M\000e\000m\000b\000e\000r\000\040\000F\000u\000n\000c\000t\000i\000o\000n\000\040\000D\000o\000c\000u\000m\000e\000n\000t\000a\000t\000i\000o\000n}{section.10.20}% 139
\BOOKMARK [3][-]{subsubsection.10.20.2.1}{\376\377\0001\0000\000.\0002\0000\000.\0002\000.\0001\000\040\000s\000t\000a\000t\000i\000s\000t\000i\000c\000s\000c\000l\000e\000a\000r\000\050\000v\000o\000i\000d\000\051}{subsection.10.20.2}% 140
\BOOKMARK [1][-]{section.10.21}{\376\377\0001\0000\000.\0002\0001\000\040\000S\000o\000a\000p\000D\000i\000s\000p\000e\000n\000s\000e\000r\000\040\000C\000l\000a\000s\000s\000\040\000R\000e\000f\000e\000r\000e\000n\000c\000e}{chapter.10}% 141
\BOOKMARK [2][-]{subsection.10.21.1}{\376\377\0001\0000\000.\0002\0001\000.\0001\000\040\000D\000e\000t\000a\000i\000l\000e\000d\000\040\000D\000e\000s\000c\000r\000i\000p\000t\000i\000o\000n}{section.10.21}% 142
\BOOKMARK [2][-]{subsection.10.21.2}{\376\377\0001\0000\000.\0002\0001\000.\0002\000\040\000C\000o\000n\000s\000t\000r\000u\000c\000t\000o\000r\000\040\000\046\000\040\000D\000e\000s\000t\000r\000u\000c\000t\000o\000r\000\040\000D\000o\000c\000u\000m\000e\000n\000t\000a\000t\000i\000o\000n}{section.10.21}% 143
\BOOKMARK [3][-]{subsubsection.10.21.2.1}{\376\377\0001\0000\000.\0002\0001\000.\0002\000.\0001\000\040\000S\000o\000a\000p\000D\000i\000s\000p\000e\000n\000s\000e\000r\000\050\000\051}{subsection.10.21.2}% 144
\BOOKMARK [1][-]{section.10.22}{\376\377\0001\0000\000.\0002\0002\000\040\000S\000o\000c\000k\000e\000t\000\040\000C\000l\000a\000s\000s\000\040\000R\000e\000f\000e\000r\000e\000n\000c\000e}{chapter.10}% 145
\BOOKMARK [2][-]{subsection.10.22.1}{\376\377\0001\0000\000.\0002\0002\000.\0001\000\040\000C\000o\000n\000s\000t\000r\000u\000c\000t\000o\000r\000\040\000\046\000\040\000D\000e\000s\000t\000r\000u\000c\000t\000o\000r\000\040\000D\000o\000c\000u\000m\000e\000n\000t\000a\000t\000i\000o\000n}{section.10.22}% 146
\BOOKMARK [3][-]{subsubsection.10.22.1.1}{\376\377\0001\0000\000.\0002\0002\000.\0001\000.\0001\000\040\000S\000o\000c\000k\000e\000t\000\050\000\051}{subsection.10.22.1}% 147
\BOOKMARK [2][-]{subsection.10.22.2}{\376\377\0001\0000\000.\0002\0002\000.\0002\000\040\000M\000e\000m\000b\000e\000r\000\040\000F\000u\000n\000c\000t\000i\000o\000n\000\040\000D\000o\000c\000u\000m\000e\000n\000t\000a\000t\000i\000o\000n}{section.10.22}% 148
\BOOKMARK [3][-]{subsubsection.10.22.2.1}{\376\377\0001\0000\000.\0002\0002\000.\0002\000.\0001\000\040\000c\000l\000e\000a\000n\000U\000p\000\050\000\051}{subsection.10.22.2}% 149
\BOOKMARK [3][-]{subsubsection.10.22.2.2}{\376\377\0001\0000\000.\0002\0002\000.\0002\000.\0002\000\040\000c\000l\000o\000s\000e\000\050\000\051}{subsection.10.22.2}% 150
\BOOKMARK [3][-]{subsubsection.10.22.2.3}{\376\377\0001\0000\000.\0002\0002\000.\0002\000.\0003\000\040\000g\000e\000t\000L\000o\000c\000a\000l\000A\000d\000d\000r\000e\000s\000s\000\050\000\051}{subsection.10.22.2}% 151
\BOOKMARK [2][-]{subsection.10.22.3}{\376\377\0001\0000\000.\0002\0002\000.\0003\000\040\000M\000e\000m\000b\000e\000r\000\040\000D\000a\000t\000a\000\040\000D\000o\000c\000u\000m\000e\000n\000t\000a\000t\000i\000o\000n}{section.10.22}% 152
\BOOKMARK [3][-]{subsubsection.10.22.3.1}{\376\377\0001\0000\000.\0002\0002\000.\0003\000.\0001\000\040\000s\000o\000c\000k\000D\000e\000s\000c}{subsection.10.22.3}% 153
\BOOKMARK [1][-]{section.10.23}{\376\377\0001\0000\000.\0002\0003\000\040\000S\000o\000c\000k\000e\000t\000A\000d\000d\000r\000e\000s\000s\000\040\000C\000l\000a\000s\000s\000\040\000R\000e\000f\000e\000r\000e\000n\000c\000e}{chapter.10}% 154
\BOOKMARK [2][-]{subsection.10.23.1}{\376\377\0001\0000\000.\0002\0003\000.\0001\000\040\000D\000e\000t\000a\000i\000l\000e\000d\000\040\000D\000e\000s\000c\000r\000i\000p\000t\000i\000o\000n}{section.10.23}% 155
\BOOKMARK [2][-]{subsection.10.23.2}{\376\377\0001\0000\000.\0002\0003\000.\0002\000\040\000M\000e\000m\000b\000e\000r\000\040\000E\000n\000u\000m\000e\000r\000a\000t\000i\000o\000n\000\040\000D\000o\000c\000u\000m\000e\000n\000t\000a\000t\000i\000o\000n}{section.10.23}% 156
\BOOKMARK [3][-]{subsubsection.10.23.2.1}{\376\377\0001\0000\000.\0002\0003\000.\0002\000.\0001\000\040\000A\000d\000d\000r\000e\000s\000s\000T\000y\000p\000e}{subsection.10.23.2}% 157
\BOOKMARK [2][-]{subsection.10.23.3}{\376\377\0001\0000\000.\0002\0003\000.\0003\000\040\000C\000o\000n\000s\000t\000r\000u\000c\000t\000o\000r\000\040\000\046\000\040\000D\000e\000s\000t\000r\000u\000c\000t\000o\000r\000\040\000D\000o\000c\000u\000m\000e\000n\000t\000a\000t\000i\000o\000n}{section.10.23}% 158
\BOOKMARK [3][-]{subsubsection.10.23.3.1}{\376\377\0001\0000\000.\0002\0003\000.\0003\000.\0001\000\040\000S\000o\000c\000k\000e\000t\000A\000d\000d\000r\000e\000s\000s\000\050\000c\000o\000n\000s\000t\000\040\000c\000h\000a\000r\000\040\000*\000h\000o\000s\000t\000,\000\040\000c\000o\000n\000s\000t\000\040\000c\000h\000a\000r\000\040\000*\000s\000e\000r\000v\000i\000c\000e\000,\000\040\000A\000d\000d\000r\000e\000s\000s\000T\000y\000p\000e\000\040\000a\000t\000y\000p\000e\000=\000T\000C\000P\000S\000O\000C\000K\000E\000T\000\051}{subsection.10.23.3}% 159
\BOOKMARK [3][-]{subsubsection.10.23.3.2}{\376\377\0001\0000\000.\0002\0003\000.\0003\000.\0002\000\040\000S\000o\000c\000k\000e\000t\000A\000d\000d\000r\000e\000s\000s\000\050\000c\000o\000n\000s\000t\000\040\000c\000h\000a\000r\000\040\000*\000h\000o\000s\000t\000,\000\040\000i\000n\000p\000o\000r\000t\000t\000\040\000p\000o\000r\000t\000,\000\040\000A\000d\000d\000r\000e\000s\000s\000T\000y\000p\000e\000\040\000a\000t\000y\000p\000e\000=\000T\000C\000P\000S\000O\000C\000K\000E\000T\000\051}{subsection.10.23.3}% 160
\BOOKMARK [3][-]{subsubsection.10.23.3.3}{\376\377\0001\0000\000.\0002\0003\000.\0003\000.\0003\000\040\000S\000o\000c\000k\000e\000t\000A\000d\000d\000r\000e\000s\000s\000\050\000s\000o\000c\000k\000a\000d\000d\000r\000\040\000*\000a\000d\000d\000r\000V\000a\000l\000=\000N\000U\000L\000L\000,\000\040\000s\000o\000c\000k\000l\000e\000n\000t\000\040\000a\000d\000d\000r\000L\000e\000n\000V\000a\000l\000=\0000\000\051}{subsection.10.23.3}% 161
\BOOKMARK [2][-]{subsection.10.23.4}{\376\377\0001\0000\000.\0002\0003\000.\0004\000\040\000M\000e\000m\000b\000e\000r\000\040\000F\000u\000n\000c\000t\000i\000o\000n\000\040\000D\000o\000c\000u\000m\000e\000n\000t\000a\000t\000i\000o\000n}{section.10.23}% 162
\BOOKMARK [3][-]{subsubsection.10.23.4.1}{\376\377\0001\0000\000.\0002\0003\000.\0004\000.\0001\000\040\000g\000e\000t\000A\000d\000d\000r\000e\000s\000s\000\050\000\051\000\040\000c\000o\000n\000s\000t\000\040}{subsection.10.23.4}% 163
\BOOKMARK [3][-]{subsubsection.10.23.4.2}{\376\377\0001\0000\000.\0002\0003\000.\0004\000.\0002\000\040\000g\000e\000t\000P\000o\000r\000t\000\050\000\051\000\040\000c\000o\000n\000s\000t\000\040}{subsection.10.23.4}% 164
\BOOKMARK [3][-]{subsubsection.10.23.4.3}{\376\377\0001\0000\000.\0002\0003\000.\0004\000.\0003\000\040\000g\000e\000t\000S\000o\000c\000k\000a\000d\000d\000r\000\050\000\051\000\040\000c\000o\000n\000s\000t\000\040}{subsection.10.23.4}% 165
\BOOKMARK [3][-]{subsubsection.10.23.4.4}{\376\377\0001\0000\000.\0002\0003\000.\0004\000.\0004\000\040\000g\000e\000t\000S\000o\000c\000k\000a\000d\000d\000r\000L\000e\000n\000\050\000\051\000\040\000c\000o\000n\000s\000t\000\040}{subsection.10.23.4}% 166
\BOOKMARK [3][-]{subsubsection.10.23.4.5}{\376\377\0001\0000\000.\0002\0003\000.\0004\000.\0005\000\040\000l\000o\000o\000k\000u\000p\000A\000d\000d\000r\000e\000s\000s\000e\000s\000\050\000c\000o\000n\000s\000t\000\040\000c\000h\000a\000r\000\040\000*\000h\000o\000s\000t\000,\000\040\000c\000o\000n\000s\000t\000\040\000c\000h\000a\000r\000\040\000*\000s\000e\000r\000v\000i\000c\000e\000,\000\040\000A\000d\000d\000r\000e\000s\000s\000T\000y\000p\000e\000\040\000a\000t\000y\000p\000e\000=\000T\000C\000P\000S\000O\000C\000K\000E\000T\000\051}{subsection.10.23.4}% 167
\BOOKMARK [3][-]{subsubsection.10.23.4.6}{\376\377\0001\0000\000.\0002\0003\000.\0004\000.\0006\000\040\000l\000o\000o\000k\000u\000p\000A\000d\000d\000r\000e\000s\000s\000e\000s\000\050\000c\000o\000n\000s\000t\000\040\000c\000h\000a\000r\000\040\000*\000h\000o\000s\000t\000,\000\040\000i\000n\000p\000o\000r\000t\000t\000\040\000p\000o\000r\000t\000,\000\040\000A\000d\000d\000r\000e\000s\000s\000T\000y\000p\000e\000\040\000a\000t\000y\000p\000e\000=\000T\000C\000P\000S\000O\000C\000K\000E\000T\000\051}{subsection.10.23.4}% 168
\BOOKMARK [1][-]{section.10.24}{\376\377\0001\0000\000.\0002\0004\000\040\000S\000o\000c\000k\000e\000t\000E\000x\000c\000e\000p\000t\000i\000o\000n\000\040\000C\000l\000a\000s\000s\000\040\000R\000e\000f\000e\000r\000e\000n\000c\000e}{chapter.10}% 169
\BOOKMARK [2][-]{subsection.10.24.1}{\376\377\0001\0000\000.\0002\0004\000.\0001\000\040\000D\000e\000t\000a\000i\000l\000e\000d\000\040\000D\000e\000s\000c\000r\000i\000p\000t\000i\000o\000n}{section.10.24}% 170
\BOOKMARK [2][-]{subsection.10.24.2}{\376\377\0001\0000\000.\0002\0004\000.\0002\000\040\000C\000o\000n\000s\000t\000r\000u\000c\000t\000o\000r\000\040\000\046\000\040\000D\000e\000s\000t\000r\000u\000c\000t\000o\000r\000\040\000D\000o\000c\000u\000m\000e\000n\000t\000a\000t\000i\000o\000n}{section.10.24}% 171
\BOOKMARK [3][-]{subsubsection.10.24.2.1}{\376\377\0001\0000\000.\0002\0004\000.\0002\000.\0001\000\040\000S\000o\000c\000k\000e\000t\000E\000x\000c\000e\000p\000t\000i\000o\000n\000\050\000c\000o\000n\000s\000t\000\040\000s\000t\000d\000:\000:\000s\000t\000r\000i\000n\000g\000\040\000m\000e\000s\000s\000a\000g\000e\000\051}{subsection.10.24.2}% 172
\BOOKMARK [3][-]{subsubsection.10.24.2.2}{\376\377\0001\0000\000.\0002\0004\000.\0002\000.\0002\000\040\000S\000o\000c\000k\000e\000t\000E\000x\000c\000e\000p\000t\000i\000o\000n\000\050\000c\000o\000n\000s\000t\000\040\000s\000t\000d\000:\000:\000s\000t\000r\000i\000n\000g\000\040\000m\000e\000s\000s\000a\000g\000e\000,\000\040\000c\000o\000n\000s\000t\000\040\000s\000t\000d\000:\000:\000s\000t\000r\000i\000n\000g\000\040\000d\000e\000t\000a\000i\000l\000\051}{subsection.10.24.2}% 173
\BOOKMARK [1][-]{section.10.25}{\376\377\0001\0000\000.\0002\0005\000\040\000S\000o\000c\000k\000e\000t\000S\000t\000r\000e\000a\000m\000B\000u\000f\000f\000e\000r\000<\000\040\000C\000h\000a\000r\000T\000,\000\040\000T\000r\000a\000i\000t\000s\000\040\000>\000\040\000C\000l\000a\000s\000s\000\040\000T\000e\000m\000p\000l\000a\000t\000e\000\040\000R\000e\000f\000e\000r\000e\000n\000c\000e}{chapter.10}% 174
\BOOKMARK [2][-]{subsection.10.25.1}{\376\377\0001\0000\000.\0002\0005\000.\0001\000\040\000D\000e\000t\000a\000i\000l\000e\000d\000\040\000D\000e\000s\000c\000r\000i\000p\000t\000i\000o\000n}{section.10.25}% 175
\BOOKMARK [1][-]{section.10.26}{\376\377\0001\0000\000.\0002\0006\000\040\000S\000o\000c\000k\000e\000t\000T\000i\000m\000e\000d\000O\000u\000t\000E\000x\000c\000e\000p\000t\000i\000o\000n\000\040\000C\000l\000a\000s\000s\000\040\000R\000e\000f\000e\000r\000e\000n\000c\000e}{chapter.10}% 176
\BOOKMARK [2][-]{subsection.10.26.1}{\376\377\0001\0000\000.\0002\0006\000.\0001\000\040\000D\000e\000t\000a\000i\000l\000e\000d\000\040\000D\000e\000s\000c\000r\000i\000p\000t\000i\000o\000n}{section.10.26}% 177
\BOOKMARK [2][-]{subsection.10.26.2}{\376\377\0001\0000\000.\0002\0006\000.\0002\000\040\000C\000o\000n\000s\000t\000r\000u\000c\000t\000o\000r\000\040\000\046\000\040\000D\000e\000s\000t\000r\000u\000c\000t\000o\000r\000\040\000D\000o\000c\000u\000m\000e\000n\000t\000a\000t\000i\000o\000n}{section.10.26}% 178
\BOOKMARK [3][-]{subsubsection.10.26.2.1}{\376\377\0001\0000\000.\0002\0006\000.\0002\000.\0001\000\040\000S\000o\000c\000k\000e\000t\000T\000i\000m\000e\000d\000O\000u\000t\000E\000x\000c\000e\000p\000t\000i\000o\000n\000\050\000c\000o\000n\000s\000t\000\040\000s\000t\000d\000:\000:\000s\000t\000r\000i\000n\000g\000\040\000m\000e\000s\000s\000a\000g\000e\000\051}{subsection.10.26.2}% 179
\BOOKMARK [1][-]{section.10.27}{\376\377\0001\0000\000.\0002\0007\000\040\000R\000T\000O\000S\000:\000:\000t\000a\000s\000k\000\040\000C\000l\000a\000s\000s\000\040\000R\000e\000f\000e\000r\000e\000n\000c\000e}{chapter.10}% 180
\BOOKMARK [2][-]{subsection.10.27.1}{\376\377\0001\0000\000.\0002\0007\000.\0001\000\040\000D\000e\000t\000a\000i\000l\000e\000d\000\040\000D\000e\000s\000c\000r\000i\000p\000t\000i\000o\000n}{section.10.27}% 181
\BOOKMARK [2][-]{subsection.10.27.2}{\376\377\0001\0000\000.\0002\0007\000.\0002\000\040\000C\000o\000n\000s\000t\000r\000u\000c\000t\000o\000r\000\040\000\046\000\040\000D\000e\000s\000t\000r\000u\000c\000t\000o\000r\000\040\000D\000o\000c\000u\000m\000e\000n\000t\000a\000t\000i\000o\000n}{section.10.27}% 182
\BOOKMARK [3][-]{subsubsection.10.27.2.1}{\376\377\0001\0000\000.\0002\0007\000.\0002\000.\0001\000\040\000t\000a\000s\000k\000\050\000u\000n\000s\000i\000g\000n\000e\000d\000\040\000i\000n\000t\000\040\000p\000r\000i\000o\000r\000i\000t\000y\000=\000R\000T\000O\000S\000M\000I\000N\000P\000R\000I\000O\000R\000I\000T\000Y\000,\000\040\000c\000o\000n\000s\000t\000\040\000c\000h\000a\000r\000\040\000*\000t\000n\000a\000m\000e\000=\000"\000"\000,\000\040\000u\000n\000s\000i\000g\000n\000e\000d\000\040\000i\000n\000t\000\040\000s\000t\000a\000c\000k\000s\000i\000z\000e\000=\000R\000T\000O\000S\000D\000E\000F\000A\000U\000L\000T\000S\000T\000A\000C\000K\000S\000I\000Z\000E\000\051}{subsection.10.27.2}% 183
\BOOKMARK [2][-]{subsection.10.27.3}{\376\377\0001\0000\000.\0002\0007\000.\0003\000\040\000M\000e\000m\000b\000e\000r\000\040\000F\000u\000n\000c\000t\000i\000o\000n\000\040\000D\000o\000c\000u\000m\000e\000n\000t\000a\000t\000i\000o\000n}{section.10.27}% 184
\BOOKMARK [3][-]{subsubsection.10.27.3.1}{\376\377\0001\0000\000.\0002\0007\000.\0003\000.\0001\000\040\000i\000g\000n\000o\000r\000e\000a\000c\000t\000i\000v\000a\000t\000i\000o\000n\000t\000i\000m\000e\000\050\000v\000o\000i\000d\000\051}{subsection.10.27.3}% 185
\BOOKMARK [3][-]{subsubsection.10.27.3.2}{\376\377\0001\0000\000.\0002\0007\000.\0003\000.\0002\000\040\000m\000a\000i\000n\000\050\000v\000o\000i\000d\000\051\000=\0000}{subsection.10.27.3}% 186
\BOOKMARK [3][-]{subsubsection.10.27.3.3}{\376\377\0001\0000\000.\0002\0007\000.\0003\000.\0003\000\040\000r\000e\000l\000e\000a\000s\000e\000\050\000v\000o\000i\000d\000\051}{subsection.10.27.3}% 187
\BOOKMARK [3][-]{subsubsection.10.27.3.4}{\376\377\0001\0000\000.\0002\0007\000.\0003\000.\0004\000\040\000r\000e\000s\000u\000m\000e\000\050\000v\000o\000i\000d\000\051}{subsection.10.27.3}% 188
\BOOKMARK [3][-]{subsubsection.10.27.3.5}{\376\377\0001\0000\000.\0002\0007\000.\0003\000.\0005\000\040\000s\000l\000e\000e\000p\000\050\000u\000n\000s\000i\000g\000n\000e\000d\000\040\000i\000n\000t\000\040\000t\000i\000m\000e\000\051}{subsection.10.27.3}% 189
\BOOKMARK [3][-]{subsubsection.10.27.3.6}{\376\377\0001\0000\000.\0002\0007\000.\0003\000.\0006\000\040\000s\000u\000s\000p\000e\000n\000d\000\050\000v\000o\000i\000d\000\051}{subsection.10.27.3}% 190
\BOOKMARK [3][-]{subsubsection.10.27.3.7}{\376\377\0001\0000\000.\0002\0007\000.\0003\000.\0007\000\040\000w\000a\000i\000t\000\050\000v\000o\000i\000d\000\051}{subsection.10.27.3}% 191
\BOOKMARK [3][-]{subsubsection.10.27.3.8}{\376\377\0001\0000\000.\0002\0007\000.\0003\000.\0008\000\040\000w\000a\000i\000t\000\050\000c\000o\000n\000s\000t\000\040\000w\000a\000i\000t\000a\000b\000l\000e\000\040\000w\000\051}{subsection.10.27.3}% 192
\BOOKMARK [3][-]{subsubsection.10.27.3.9}{\376\377\0001\0000\000.\0002\0007\000.\0003\000.\0009\000\040\000w\000a\000i\000t\000\050\000c\000o\000n\000s\000t\000\040\000e\000v\000e\000n\000t\000\040\000s\000e\000t\000\051}{subsection.10.27.3}% 193
\BOOKMARK [1][-]{section.10.28}{\376\377\0001\0000\000.\0002\0008\000\040\000T\000C\000P\000S\000e\000r\000v\000e\000r\000\040\000C\000l\000a\000s\000s\000\040\000R\000e\000f\000e\000r\000e\000n\000c\000e}{chapter.10}% 194
\BOOKMARK [1][-]{section.10.29}{\376\377\0001\0000\000.\0002\0009\000\040\000T\000C\000P\000S\000e\000r\000v\000e\000r\000S\000o\000c\000k\000e\000t\000\040\000C\000l\000a\000s\000s\000\040\000R\000e\000f\000e\000r\000e\000n\000c\000e}{chapter.10}% 195
\BOOKMARK [2][-]{subsection.10.29.1}{\376\377\0001\0000\000.\0002\0009\000.\0001\000\040\000D\000e\000t\000a\000i\000l\000e\000d\000\040\000D\000e\000s\000c\000r\000i\000p\000t\000i\000o\000n}{section.10.29}% 196
\BOOKMARK [2][-]{subsection.10.29.2}{\376\377\0001\0000\000.\0002\0009\000.\0002\000\040\000C\000o\000n\000s\000t\000r\000u\000c\000t\000o\000r\000\040\000\046\000\040\000D\000e\000s\000t\000r\000u\000c\000t\000o\000r\000\040\000D\000o\000c\000u\000m\000e\000n\000t\000a\000t\000i\000o\000n}{section.10.29}% 197
\BOOKMARK [3][-]{subsubsection.10.29.2.1}{\376\377\0001\0000\000.\0002\0009\000.\0002\000.\0001\000\040\000T\000C\000P\000S\000e\000r\000v\000e\000r\000S\000o\000c\000k\000e\000t\000\050\000\051}{subsection.10.29.2}% 198
\BOOKMARK [3][-]{subsubsection.10.29.2.2}{\376\377\0001\0000\000.\0002\0009\000.\0002\000.\0002\000\040\000T\000C\000P\000S\000e\000r\000v\000e\000r\000S\000o\000c\000k\000e\000t\000\050\000i\000n\000p\000o\000r\000t\000t\000\040\000l\000o\000c\000a\000l\000P\000o\000r\000t\000,\000\040\000i\000n\000t\000\040\000q\000u\000e\000u\000e\000L\000e\000n\000=\0005\000\051}{subsection.10.29.2}% 199
\BOOKMARK [2][-]{subsection.10.29.3}{\376\377\0001\0000\000.\0002\0009\000.\0003\000\040\000M\000e\000m\000b\000e\000r\000\040\000F\000u\000n\000c\000t\000i\000o\000n\000\040\000D\000o\000c\000u\000m\000e\000n\000t\000a\000t\000i\000o\000n}{section.10.29}% 200
\BOOKMARK [3][-]{subsubsection.10.29.3.1}{\376\377\0001\0000\000.\0002\0009\000.\0003\000.\0001\000\040\000a\000c\000c\000e\000p\000t\000\050\000\051}{subsection.10.29.3}% 201
\BOOKMARK [3][-]{subsubsection.10.29.3.2}{\376\377\0001\0000\000.\0002\0009\000.\0003\000.\0002\000\040\000b\000i\000n\000d\000\050\000c\000o\000n\000s\000t\000\040\000S\000o\000c\000k\000e\000t\000A\000d\000d\000r\000e\000s\000s\000\040\000l\000o\000c\000a\000l\000A\000d\000d\000r\000e\000s\000s\000\051}{subsection.10.29.3}% 202
\BOOKMARK [1][-]{section.10.30}{\376\377\0001\0000\000.\0003\0000\000\040\000T\000C\000P\000S\000o\000c\000k\000e\000t\000\040\000C\000l\000a\000s\000s\000\040\000R\000e\000f\000e\000r\000e\000n\000c\000e}{chapter.10}% 203
\BOOKMARK [2][-]{subsection.10.30.1}{\376\377\0001\0000\000.\0003\0000\000.\0001\000\040\000D\000e\000t\000a\000i\000l\000e\000d\000\040\000D\000e\000s\000c\000r\000i\000p\000t\000i\000o\000n}{section.10.30}% 204
\BOOKMARK [2][-]{subsection.10.30.2}{\376\377\0001\0000\000.\0003\0000\000.\0002\000\040\000C\000o\000n\000s\000t\000r\000u\000c\000t\000o\000r\000\040\000\046\000\040\000D\000e\000s\000t\000r\000u\000c\000t\000o\000r\000\040\000D\000o\000c\000u\000m\000e\000n\000t\000a\000t\000i\000o\000n}{section.10.30}% 205
\BOOKMARK [3][-]{subsubsection.10.30.2.1}{\376\377\0001\0000\000.\0003\0000\000.\0002\000.\0001\000\040\000T\000C\000P\000S\000o\000c\000k\000e\000t\000\050\000\051}{subsection.10.30.2}% 206
\BOOKMARK [3][-]{subsubsection.10.30.2.2}{\376\377\0001\0000\000.\0003\0000\000.\0002\000.\0002\000\040\000T\000C\000P\000S\000o\000c\000k\000e\000t\000\050\000c\000o\000n\000s\000t\000\040\000c\000h\000a\000r\000\040\000*\000f\000o\000r\000e\000i\000g\000n\000A\000d\000d\000r\000e\000s\000s\000,\000\040\000i\000n\000p\000o\000r\000t\000t\000\040\000f\000o\000r\000e\000i\000g\000n\000P\000o\000r\000t\000\051}{subsection.10.30.2}% 207
\BOOKMARK [2][-]{subsection.10.30.3}{\376\377\0001\0000\000.\0003\0000\000.\0003\000\040\000M\000e\000m\000b\000e\000r\000\040\000F\000u\000n\000c\000t\000i\000o\000n\000\040\000D\000o\000c\000u\000m\000e\000n\000t\000a\000t\000i\000o\000n}{section.10.30}% 208
\BOOKMARK [3][-]{subsubsection.10.30.3.1}{\376\377\0001\0000\000.\0003\0000\000.\0003\000.\0001\000\040\000b\000i\000n\000d\000\050\000c\000o\000n\000s\000t\000\040\000S\000o\000c\000k\000e\000t\000A\000d\000d\000r\000e\000s\000s\000\040\000l\000o\000c\000a\000l\000A\000d\000d\000r\000e\000s\000s\000\051}{subsection.10.30.3}% 209
\BOOKMARK [3][-]{subsubsection.10.30.3.2}{\376\377\0001\0000\000.\0003\0000\000.\0003\000.\0002\000\040\000c\000o\000n\000n\000e\000c\000t\000\050\000c\000o\000n\000s\000t\000\040\000S\000o\000c\000k\000e\000t\000A\000d\000d\000r\000e\000s\000s\000\040\000f\000o\000r\000e\000i\000g\000n\000A\000d\000d\000r\000e\000s\000s\000\051}{subsection.10.30.3}% 210
\BOOKMARK [3][-]{subsubsection.10.30.3.3}{\376\377\0001\0000\000.\0003\0000\000.\0003\000.\0003\000\040\000g\000e\000t\000S\000t\000r\000e\000a\000m\000\050\000\051}{subsection.10.30.3}% 211
\BOOKMARK [1][-]{section.10.31}{\376\377\0001\0000\000.\0003\0001\000\040\000T\000e\000m\000p\000C\000o\000n\000t\000r\000o\000l\000l\000e\000r\000\040\000C\000l\000a\000s\000s\000\040\000R\000e\000f\000e\000r\000e\000n\000c\000e}{chapter.10}% 212
\BOOKMARK [2][-]{subsection.10.31.1}{\376\377\0001\0000\000.\0003\0001\000.\0001\000\040\000M\000e\000m\000b\000e\000r\000\040\000F\000u\000n\000c\000t\000i\000o\000n\000\040\000D\000o\000c\000u\000m\000e\000n\000t\000a\000t\000i\000o\000n}{section.10.31}% 213
\BOOKMARK [3][-]{subsubsection.10.31.1.1}{\376\377\0001\0000\000.\0003\0001\000.\0001\000.\0001\000\040\000m\000a\000i\000n\000\050\000\051}{subsection.10.31.1}% 214
\BOOKMARK [3][-]{subsubsection.10.31.1.2}{\376\377\0001\0000\000.\0003\0001\000.\0001\000.\0002\000\040\000s\000e\000t\000R\000e\000s\000p\000o\000n\000s\000e\000F\000l\000a\000g\000\050\000\051}{subsection.10.31.1}% 215
\BOOKMARK [3][-]{subsubsection.10.31.1.3}{\376\377\0001\0000\000.\0003\0001\000.\0001\000.\0003\000\040\000s\000e\000t\000T\000e\000m\000p\000\050\000i\000n\000t\000\040\000t\000e\000m\000p\000\051}{subsection.10.31.1}% 216
\BOOKMARK [3][-]{subsubsection.10.31.1.4}{\376\377\0001\0000\000.\0003\0001\000.\0001\000.\0004\000\040\000s\000e\000t\000U\000a\000r\000t\000P\000o\000i\000n\000t\000e\000r\000\050\000U\000A\000R\000T\000\040\000*\000u\000\051}{subsection.10.31.1}% 217
\BOOKMARK [3][-]{subsubsection.10.31.1.5}{\376\377\0001\0000\000.\0003\0001\000.\0001\000.\0005\000\040\000w\000r\000i\000t\000e\000R\000e\000s\000p\000o\000n\000s\000e\000\050\000c\000h\000a\000r\000\040\000*\000r\000e\000s\000p\000o\000n\000s\000e\000\051}{subsection.10.31.1}% 218
\BOOKMARK [1][-]{section.10.32}{\376\377\0001\0000\000.\0003\0002\000\040\000T\000e\000m\000p\000S\000e\000n\000s\000o\000r\000\040\000C\000l\000a\000s\000s\000\040\000R\000e\000f\000e\000r\000e\000n\000c\000e}{chapter.10}% 219
\BOOKMARK [2][-]{subsection.10.32.1}{\376\377\0001\0000\000.\0003\0002\000.\0001\000\040\000D\000e\000t\000a\000i\000l\000e\000d\000\040\000D\000e\000s\000c\000r\000i\000p\000t\000i\000o\000n}{section.10.32}% 220
\BOOKMARK [2][-]{subsection.10.32.2}{\376\377\0001\0000\000.\0003\0002\000.\0002\000\040\000C\000o\000n\000s\000t\000r\000u\000c\000t\000o\000r\000\040\000\046\000\040\000D\000e\000s\000t\000r\000u\000c\000t\000o\000r\000\040\000D\000o\000c\000u\000m\000e\000n\000t\000a\000t\000i\000o\000n}{section.10.32}% 221
\BOOKMARK [3][-]{subsubsection.10.32.2.1}{\376\377\0001\0000\000.\0003\0002\000.\0002\000.\0001\000\040\000T\000e\000m\000p\000S\000e\000n\000s\000o\000r\000\050\000\051}{subsection.10.32.2}% 222
\BOOKMARK [1][-]{section.10.33}{\376\377\0001\0000\000.\0003\0003\000\040\000T\000h\000e\000\040\000C\000l\000a\000s\000s\000\040\000R\000e\000f\000e\000r\000e\000n\000c\000e}{chapter.10}% 223
\BOOKMARK [2][-]{subsection.10.33.1}{\376\377\0001\0000\000.\0003\0003\000.\0001\000\040\000D\000e\000t\000a\000i\000l\000e\000d\000\040\000D\000e\000s\000c\000r\000i\000p\000t\000i\000o\000n}{section.10.33}% 224
\BOOKMARK [1][-]{section.10.34}{\376\377\0001\0000\000.\0003\0004\000\040\000R\000T\000O\000S\000:\000:\000t\000i\000m\000e\000r\000\040\000C\000l\000a\000s\000s\000\040\000R\000e\000f\000e\000r\000e\000n\000c\000e}{chapter.10}% 225
\BOOKMARK [2][-]{subsection.10.34.1}{\376\377\0001\0000\000.\0003\0004\000.\0001\000\040\000D\000e\000t\000a\000i\000l\000e\000d\000\040\000D\000e\000s\000c\000r\000i\000p\000t\000i\000o\000n}{section.10.34}% 226
\BOOKMARK [2][-]{subsection.10.34.2}{\376\377\0001\0000\000.\0003\0004\000.\0002\000\040\000M\000e\000m\000b\000e\000r\000\040\000F\000u\000n\000c\000t\000i\000o\000n\000\040\000D\000o\000c\000u\000m\000e\000n\000t\000a\000t\000i\000o\000n}{section.10.34}% 227
\BOOKMARK [3][-]{subsubsection.10.34.2.1}{\376\377\0001\0000\000.\0003\0004\000.\0002\000.\0001\000\040\000c\000a\000n\000c\000e\000l\000\050\000v\000o\000i\000d\000\051}{subsection.10.34.2}% 228
\BOOKMARK [3][-]{subsubsection.10.34.2.2}{\376\377\0001\0000\000.\0003\0004\000.\0002\000.\0002\000\040\000s\000e\000t\000\050\000u\000n\000s\000i\000g\000n\000e\000d\000\040\000l\000o\000n\000g\000\040\000i\000n\000t\000\040\000t\000i\000m\000e\000\051}{subsection.10.34.2}% 229
\BOOKMARK [1][-]{section.10.35}{\376\377\0001\0000\000.\0003\0005\000\040\000U\000A\000R\000T\000\040\000C\000l\000a\000s\000s\000\040\000R\000e\000f\000e\000r\000e\000n\000c\000e}{chapter.10}% 230
\BOOKMARK [2][-]{subsection.10.35.1}{\376\377\0001\0000\000.\0003\0005\000.\0001\000\040\000M\000e\000m\000b\000e\000r\000\040\000F\000u\000n\000c\000t\000i\000o\000n\000\040\000D\000o\000c\000u\000m\000e\000n\000t\000a\000t\000i\000o\000n}{section.10.35}% 231
\BOOKMARK [3][-]{subsubsection.10.35.1.1}{\376\377\0001\0000\000.\0003\0005\000.\0001\000.\0001\000\040\000m\000a\000i\000n\000\050\000\051}{subsection.10.35.1}% 232
\BOOKMARK [1][-]{section.10.36}{\376\377\0001\0000\000.\0003\0006\000\040\000u\000a\000r\000t\000\137\000e\000r\000r\000o\000r\000\040\000C\000l\000a\000s\000s\000\040\000R\000e\000f\000e\000r\000e\000n\000c\000e}{chapter.10}% 233
\BOOKMARK [2][-]{subsection.10.36.1}{\376\377\0001\0000\000.\0003\0006\000.\0001\000\040\000D\000e\000t\000a\000i\000l\000e\000d\000\040\000D\000e\000s\000c\000r\000i\000p\000t\000i\000o\000n}{section.10.36}% 234
\BOOKMARK [1][-]{section.10.37}{\376\377\0001\0000\000.\0003\0007\000\040\000U\000D\000P\000S\000o\000c\000k\000e\000t\000\040\000C\000l\000a\000s\000s\000\040\000R\000e\000f\000e\000r\000e\000n\000c\000e}{chapter.10}% 235
\BOOKMARK [2][-]{subsection.10.37.1}{\376\377\0001\0000\000.\0003\0007\000.\0001\000\040\000D\000e\000t\000a\000i\000l\000e\000d\000\040\000D\000e\000s\000c\000r\000i\000p\000t\000i\000o\000n}{section.10.37}% 236
\BOOKMARK [2][-]{subsection.10.37.2}{\376\377\0001\0000\000.\0003\0007\000.\0002\000\040\000C\000o\000n\000s\000t\000r\000u\000c\000t\000o\000r\000\040\000\046\000\040\000D\000e\000s\000t\000r\000u\000c\000t\000o\000r\000\040\000D\000o\000c\000u\000m\000e\000n\000t\000a\000t\000i\000o\000n}{section.10.37}% 237
\BOOKMARK [3][-]{subsubsection.10.37.2.1}{\376\377\0001\0000\000.\0003\0007\000.\0002\000.\0001\000\040\000U\000D\000P\000S\000o\000c\000k\000e\000t\000\050\000\051}{subsection.10.37.2}% 238
\BOOKMARK [2][-]{subsection.10.37.3}{\376\377\0001\0000\000.\0003\0007\000.\0003\000\040\000M\000e\000m\000b\000e\000r\000\040\000F\000u\000n\000c\000t\000i\000o\000n\000\040\000D\000o\000c\000u\000m\000e\000n\000t\000a\000t\000i\000o\000n}{section.10.37}% 239
\BOOKMARK [3][-]{subsubsection.10.37.3.1}{\376\377\0001\0000\000.\0003\0007\000.\0003\000.\0001\000\040\000d\000i\000s\000c\000o\000n\000n\000e\000c\000t\000\050\000\051}{subsection.10.37.3}% 240
\BOOKMARK [3][-]{subsubsection.10.37.3.2}{\376\377\0001\0000\000.\0003\0007\000.\0003\000.\0002\000\040\000j\000o\000i\000n\000G\000r\000o\000u\000p\000\050\000c\000o\000n\000s\000t\000\040\000s\000t\000d\000:\000:\000s\000t\000r\000i\000n\000g\000\040\000m\000u\000l\000t\000i\000c\000a\000s\000t\000G\000r\000o\000u\000p\000\051}{subsection.10.37.3}% 241
\BOOKMARK [3][-]{subsubsection.10.37.3.3}{\376\377\0001\0000\000.\0003\0007\000.\0003\000.\0003\000\040\000l\000e\000a\000v\000e\000G\000r\000o\000u\000p\000\050\000c\000o\000n\000s\000t\000\040\000s\000t\000d\000:\000:\000s\000t\000r\000i\000n\000g\000\040\000m\000u\000l\000t\000i\000c\000a\000s\000t\000G\000r\000o\000u\000p\000\051}{subsection.10.37.3}% 242
\BOOKMARK [3][-]{subsubsection.10.37.3.4}{\376\377\0001\0000\000.\0003\0007\000.\0003\000.\0004\000\040\000r\000e\000c\000v\000F\000r\000o\000m\000\050\000v\000o\000i\000d\000\040\000*\000b\000u\000f\000f\000e\000r\000,\000\040\000i\000n\000t\000\040\000b\000u\000f\000f\000e\000r\000L\000e\000n\000,\000\040\000S\000o\000c\000k\000e\000t\000A\000d\000d\000r\000e\000s\000s\000\040\000s\000o\000u\000r\000c\000e\000A\000d\000d\000r\000e\000s\000s\000\051}{subsection.10.37.3}% 243
\BOOKMARK [3][-]{subsubsection.10.37.3.5}{\376\377\0001\0000\000.\0003\0007\000.\0003\000.\0005\000\040\000s\000e\000n\000d\000T\000o\000\050\000c\000o\000n\000s\000t\000\040\000v\000o\000i\000d\000\040\000*\000b\000u\000f\000f\000e\000r\000,\000\040\000i\000n\000t\000\040\000b\000u\000f\000f\000e\000r\000L\000e\000n\000,\000\040\000c\000o\000n\000s\000t\000\040\000S\000o\000c\000k\000e\000t\000A\000d\000d\000r\000e\000s\000s\000\040\000f\000o\000r\000e\000i\000g\000n\000A\000d\000d\000r\000e\000s\000s\000\051}{subsection.10.37.3}% 244
\BOOKMARK [3][-]{subsubsection.10.37.3.6}{\376\377\0001\0000\000.\0003\0007\000.\0003\000.\0006\000\040\000s\000e\000t\000B\000r\000o\000a\000d\000c\000a\000s\000t\000\050\000\051}{subsection.10.37.3}% 245
\BOOKMARK [3][-]{subsubsection.10.37.3.7}{\376\377\0001\0000\000.\0003\0007\000.\0003\000.\0007\000\040\000s\000e\000t\000M\000u\000l\000t\000i\000c\000a\000s\000t\000L\000o\000o\000p\000\050\000b\000o\000o\000l\000\040\000l\000o\000o\000p\000\051}{subsection.10.37.3}% 246
\BOOKMARK [3][-]{subsubsection.10.37.3.8}{\376\377\0001\0000\000.\0003\0007\000.\0003\000.\0008\000\040\000s\000e\000t\000M\000u\000l\000t\000i\000c\000a\000s\000t\000T\000T\000L\000\050\000u\000n\000s\000i\000g\000n\000e\000d\000\040\000c\000h\000a\000r\000\040\000m\000u\000l\000t\000i\000c\000a\000s\000t\000T\000T\000L\000\051}{subsection.10.37.3}% 247
\BOOKMARK [3][-]{subsubsection.10.37.3.9}{\376\377\0001\0000\000.\0003\0007\000.\0003\000.\0009\000\040\000s\000e\000t\000T\000i\000m\000e\000O\000u\000t\000\050\000i\000n\000t\000\040\000s\000e\000c\000\051}{subsection.10.37.3}% 248
\BOOKMARK [1][-]{section.10.38}{\376\377\0001\0000\000.\0003\0008\000\040\000V\000a\000l\000v\000e\000\040\000C\000l\000a\000s\000s\000\040\000R\000e\000f\000e\000r\000e\000n\000c\000e}{chapter.10}% 249
\BOOKMARK [2][-]{subsection.10.38.1}{\376\377\0001\0000\000.\0003\0008\000.\0001\000\040\000D\000e\000t\000a\000i\000l\000e\000d\000\040\000D\000e\000s\000c\000r\000i\000p\000t\000i\000o\000n}{section.10.38}% 250
\BOOKMARK [2][-]{subsection.10.38.2}{\376\377\0001\0000\000.\0003\0008\000.\0002\000\040\000C\000o\000n\000s\000t\000r\000u\000c\000t\000o\000r\000\040\000\046\000\040\000D\000e\000s\000t\000r\000u\000c\000t\000o\000r\000\040\000D\000o\000c\000u\000m\000e\000n\000t\000a\000t\000i\000o\000n}{section.10.38}% 251
\BOOKMARK [3][-]{subsubsection.10.38.2.1}{\376\377\0001\0000\000.\0003\0008\000.\0002\000.\0001\000\040\000V\000a\000l\000v\000e\000\050\000\051}{subsection.10.38.2}% 252
\BOOKMARK [2][-]{subsection.10.38.3}{\376\377\0001\0000\000.\0003\0008\000.\0003\000\040\000M\000e\000m\000b\000e\000r\000\040\000F\000u\000n\000c\000t\000i\000o\000n\000\040\000D\000o\000c\000u\000m\000e\000n\000t\000a\000t\000i\000o\000n}{section.10.38}% 253
\BOOKMARK [3][-]{subsubsection.10.38.3.1}{\376\377\0001\0000\000.\0003\0008\000.\0003\000.\0001\000\040\000g\000e\000t\000O\000f\000f\000C\000o\000m\000m\000a\000n\000d\000\050\000\051}{subsection.10.38.3}% 254
\BOOKMARK [3][-]{subsubsection.10.38.3.2}{\376\377\0001\0000\000.\0003\0008\000.\0003\000.\0002\000\040\000g\000e\000t\000O\000n\000C\000o\000m\000m\000a\000n\000d\000\050\000\051}{subsection.10.38.3}% 255
\BOOKMARK [3][-]{subsubsection.10.38.3.3}{\376\377\0001\0000\000.\0003\0008\000.\0003\000.\0003\000\040\000g\000e\000t\000S\000t\000a\000t\000u\000s\000C\000o\000m\000m\000a\000n\000d\000\050\000\051}{subsection.10.38.3}% 256
\BOOKMARK [1][-]{section.10.39}{\376\377\0001\0000\000.\0003\0009\000\040\000R\000T\000O\000S\000:\000:\000w\000a\000i\000t\000a\000b\000l\000e\000\040\000C\000l\000a\000s\000s\000\040\000R\000e\000f\000e\000r\000e\000n\000c\000e}{chapter.10}% 257
\BOOKMARK [2][-]{subsection.10.39.1}{\376\377\0001\0000\000.\0003\0009\000.\0001\000\040\000D\000e\000t\000a\000i\000l\000e\000d\000\040\000D\000e\000s\000c\000r\000i\000p\000t\000i\000o\000n}{section.10.39}% 258
\BOOKMARK [2][-]{subsection.10.39.2}{\376\377\0001\0000\000.\0003\0009\000.\0002\000\040\000C\000o\000n\000s\000t\000r\000u\000c\000t\000o\000r\000\040\000\046\000\040\000D\000e\000s\000t\000r\000u\000c\000t\000o\000r\000\040\000D\000o\000c\000u\000m\000e\000n\000t\000a\000t\000i\000o\000n}{section.10.39}% 259
\BOOKMARK [3][-]{subsubsection.10.39.2.1}{\376\377\0001\0000\000.\0003\0009\000.\0002\000.\0001\000\040\000w\000a\000i\000t\000a\000b\000l\000e\000\050\000t\000a\000s\000k\000\040\000*\000t\000a\000s\000k\000,\000\040\000c\000o\000n\000s\000t\000\040\000c\000h\000a\000r\000\040\000*\000n\000a\000m\000e\000\051}{subsection.10.39.2}% 260
\BOOKMARK [2][-]{subsection.10.39.3}{\376\377\0001\0000\000.\0003\0009\000.\0003\000\040\000M\000e\000m\000b\000e\000r\000\040\000F\000u\000n\000c\000t\000i\000o\000n\000\040\000D\000o\000c\000u\000m\000e\000n\000t\000a\000t\000i\000o\000n}{section.10.39}% 261
\BOOKMARK [3][-]{subsubsection.10.39.3.1}{\376\377\0001\0000\000.\0003\0009\000.\0003\000.\0001\000\040\000c\000l\000e\000a\000r\000\050\000v\000o\000i\000d\000\051}{subsection.10.39.3}% 262
\BOOKMARK [1][-]{section.10.40}{\376\377\0001\0000\000.\0004\0000\000\040\000W\000a\000s\000h\000i\000n\000g\000M\000a\000c\000h\000i\000n\000e\000C\000o\000n\000t\000r\000o\000l\000l\000e\000r\000\040\000C\000l\000a\000s\000s\000\040\000R\000e\000f\000e\000r\000e\000n\000c\000e}{chapter.10}% 263
\BOOKMARK [2][-]{subsection.10.40.1}{\376\377\0001\0000\000.\0004\0000\000.\0001\000\040\000C\000o\000n\000s\000t\000r\000u\000c\000t\000o\000r\000\040\000\046\000\040\000D\000e\000s\000t\000r\000u\000c\000t\000o\000r\000\040\000D\000o\000c\000u\000m\000e\000n\000t\000a\000t\000i\000o\000n}{section.10.40}% 264
\BOOKMARK [3][-]{subsubsection.10.40.1.1}{\376\377\0001\0000\000.\0004\0000\000.\0001\000.\0001\000\040\000W\000a\000s\000h\000i\000n\000g\000M\000a\000c\000h\000i\000n\000e\000C\000o\000n\000t\000r\000o\000l\000l\000e\000r\000\050\000W\000a\000s\000p\000r\000o\000g\000r\000a\000m\000m\000a\000\040\000w\000a\000s\000\051}{subsection.10.40.1}% 265
\BOOKMARK [2][-]{subsection.10.40.2}{\376\377\0001\0000\000.\0004\0000\000.\0002\000\040\000M\000e\000m\000b\000e\000r\000\040\000F\000u\000n\000c\000t\000i\000o\000n\000\040\000D\000o\000c\000u\000m\000e\000n\000t\000a\000t\000i\000o\000n}{section.10.40}% 266
\BOOKMARK [3][-]{subsubsection.10.40.2.1}{\376\377\0001\0000\000.\0004\0000\000.\0002\000.\0001\000\040\000m\000a\000i\000n\000\050\000\051}{subsection.10.40.2}% 267
\BOOKMARK [3][-]{subsubsection.10.40.2.2}{\376\377\0001\0000\000.\0004\0000\000.\0002\000.\0002\000\040\000s\000e\000t\000M\000o\000t\000o\000r\000D\000o\000n\000e\000\050\000\051}{subsection.10.40.2}% 268
\BOOKMARK [3][-]{subsubsection.10.40.2.3}{\376\377\0001\0000\000.\0004\0000\000.\0002\000.\0003\000\040\000s\000e\000t\000R\000e\000s\000p\000o\000n\000s\000e\000F\000l\000a\000g\000\050\000\051}{subsection.10.40.2}% 269
\BOOKMARK [3][-]{subsubsection.10.40.2.4}{\376\377\0001\0000\000.\0004\0000\000.\0002\000.\0004\000\040\000s\000e\000t\000T\000e\000m\000p\000R\000e\000a\000c\000h\000e\000d\000\050\000\051}{subsection.10.40.2}% 270
\BOOKMARK [3][-]{subsubsection.10.40.2.5}{\376\377\0001\0000\000.\0004\0000\000.\0002\000.\0005\000\040\000s\000e\000t\000W\000a\000t\000e\000r\000L\000e\000v\000e\000l\000R\000e\000a\000c\000h\000e\000d\000\050\000\051}{subsection.10.40.2}% 271
\BOOKMARK [3][-]{subsubsection.10.40.2.6}{\376\377\0001\0000\000.\0004\0000\000.\0002\000.\0006\000\040\000s\000t\000a\000r\000t\000W\000a\000s\000p\000r\000o\000g\000r\000a\000m\000m\000a\000\050\000\051}{subsection.10.40.2}% 272
\BOOKMARK [3][-]{subsubsection.10.40.2.7}{\376\377\0001\0000\000.\0004\0000\000.\0002\000.\0007\000\040\000s\000t\000o\000p\000W\000a\000s\000p\000r\000o\000g\000r\000a\000m\000m\000a\000\050\000\051}{subsection.10.40.2}% 273
\BOOKMARK [3][-]{subsubsection.10.40.2.8}{\376\377\0001\0000\000.\0004\0000\000.\0002\000.\0008\000\040\000w\000r\000i\000t\000e\000R\000e\000s\000p\000o\000n\000s\000e\000\050\000c\000h\000a\000r\000\040\000*\000r\000e\000s\000p\000o\000n\000s\000e\000\051}{subsection.10.40.2}% 274
\BOOKMARK [1][-]{section.10.41}{\376\377\0001\0000\000.\0004\0001\000\040\000W\000a\000s\000m\000a\000c\000h\000i\000n\000e\000A\000p\000p\000\040\000C\000l\000a\000s\000s\000\040\000R\000e\000f\000e\000r\000e\000n\000c\000e}{chapter.10}% 275
\BOOKMARK [2][-]{subsection.10.41.1}{\376\377\0001\0000\000.\0004\0001\000.\0001\000\040\000M\000e\000m\000b\000e\000r\000\040\000F\000u\000n\000c\000t\000i\000o\000n\000\040\000D\000o\000c\000u\000m\000e\000n\000t\000a\000t\000i\000o\000n}{section.10.41}% 276
\BOOKMARK [3][-]{subsubsection.10.41.1.1}{\376\377\0001\0000\000.\0004\0001\000.\0001\000.\0001\000\040\000o\000n\000C\000l\000o\000s\000e\000\050\000W\000e\000b\000S\000o\000c\000k\000e\000t\000\040\000*\000w\000s\000\051\000\040\000o\000v\000e\000r\000r\000i\000d\000e}{subsection.10.41.1}% 277
\BOOKMARK [3][-]{subsubsection.10.41.1.2}{\376\377\0001\0000\000.\0004\0001\000.\0001\000.\0002\000\040\000o\000n\000T\000e\000x\000t\000M\000e\000s\000s\000a\000g\000e\000\050\000c\000o\000n\000s\000t\000\040\000s\000t\000r\000i\000n\000g\000\040\000m\000s\000g\000,\000\040\000W\000e\000b\000S\000o\000c\000k\000e\000t\000\040\000*\000w\000s\000\051\000\040\000o\000v\000e\000r\000r\000i\000d\000e}{subsection.10.41.1}% 278
\BOOKMARK [1][-]{section.10.42}{\376\377\0001\0000\000.\0004\0002\000\040\000W\000a\000s\000p\000r\000o\000g\000r\000a\000m\000m\000a\000\040\000C\000l\000a\000s\000s\000\040\000R\000e\000f\000e\000r\000e\000n\000c\000e}{chapter.10}% 279
\BOOKMARK [2][-]{subsection.10.42.1}{\376\377\0001\0000\000.\0004\0002\000.\0001\000\040\000C\000o\000n\000s\000t\000r\000u\000c\000t\000o\000r\000\040\000\046\000\040\000D\000e\000s\000t\000r\000u\000c\000t\000o\000r\000\040\000D\000o\000c\000u\000m\000e\000n\000t\000a\000t\000i\000o\000n}{section.10.42}% 280
\BOOKMARK [3][-]{subsubsection.10.42.1.1}{\376\377\0001\0000\000.\0004\0002\000.\0001\000.\0001\000\040\000W\000a\000s\000p\000r\000o\000g\000r\000a\000m\000m\000a\000\050\000i\000n\000t\000\040\000t\000e\000m\000p\000,\000\040\000i\000n\000t\000\040\000w\000a\000t\000e\000r\000l\000e\000v\000e\000l\000,\000\040\000i\000n\000t\000\040\000t\000i\000m\000e\000,\000\040\000i\000n\000t\000\040\000j\000o\000b\000\051}{subsection.10.42.1}% 281
\BOOKMARK [1][-]{section.10.43}{\376\377\0001\0000\000.\0004\0003\000\040\000W\000a\000t\000e\000r\000C\000o\000n\000t\000r\000o\000l\000l\000e\000r\000\040\000C\000l\000a\000s\000s\000\040\000R\000e\000f\000e\000r\000e\000n\000c\000e}{chapter.10}% 282
\BOOKMARK [2][-]{subsection.10.43.1}{\376\377\0001\0000\000.\0004\0003\000.\0001\000\040\000M\000e\000m\000b\000e\000r\000\040\000F\000u\000n\000c\000t\000i\000o\000n\000\040\000D\000o\000c\000u\000m\000e\000n\000t\000a\000t\000i\000o\000n}{section.10.43}% 283
\BOOKMARK [3][-]{subsubsection.10.43.1.1}{\376\377\0001\0000\000.\0004\0003\000.\0001\000.\0001\000\040\000m\000a\000i\000n\000\050\000\051}{subsection.10.43.1}% 284
\BOOKMARK [3][-]{subsubsection.10.43.1.2}{\376\377\0001\0000\000.\0004\0003\000.\0001\000.\0002\000\040\000s\000e\000t\000R\000e\000s\000p\000o\000n\000s\000e\000F\000l\000a\000g\000\050\000\051}{subsection.10.43.1}% 285
\BOOKMARK [3][-]{subsubsection.10.43.1.3}{\376\377\0001\0000\000.\0004\0003\000.\0001\000.\0003\000\040\000s\000e\000t\000U\000a\000r\000t\000P\000o\000i\000n\000t\000e\000r\000\050\000U\000A\000R\000T\000\040\000*\000u\000\051}{subsection.10.43.1}% 286
\BOOKMARK [3][-]{subsubsection.10.43.1.4}{\376\377\0001\0000\000.\0004\0003\000.\0001\000.\0004\000\040\000s\000e\000t\000W\000a\000t\000e\000r\000L\000e\000v\000e\000l\000\050\000i\000n\000t\000\040\000l\000e\000v\000e\000l\000\051}{subsection.10.43.1}% 287
\BOOKMARK [3][-]{subsubsection.10.43.1.5}{\376\377\0001\0000\000.\0004\0003\000.\0001\000.\0005\000\040\000w\000r\000i\000t\000e\000R\000e\000s\000p\000o\000n\000s\000e\000\050\000c\000h\000a\000r\000\040\000*\000r\000e\000s\000p\000o\000n\000s\000e\000\051}{subsection.10.43.1}% 288
\BOOKMARK [1][-]{section.10.44}{\376\377\0001\0000\000.\0004\0004\000\040\000W\000a\000t\000e\000r\000S\000e\000n\000s\000o\000r\000\040\000C\000l\000a\000s\000s\000\040\000R\000e\000f\000e\000r\000e\000n\000c\000e}{chapter.10}% 289
\BOOKMARK [2][-]{subsection.10.44.1}{\376\377\0001\0000\000.\0004\0004\000.\0001\000\040\000D\000e\000t\000a\000i\000l\000e\000d\000\040\000D\000e\000s\000c\000r\000i\000p\000t\000i\000o\000n}{section.10.44}% 290
\BOOKMARK [2][-]{subsection.10.44.2}{\376\377\0001\0000\000.\0004\0004\000.\0002\000\040\000C\000o\000n\000s\000t\000r\000u\000c\000t\000o\000r\000\040\000\046\000\040\000D\000e\000s\000t\000r\000u\000c\000t\000o\000r\000\040\000D\000o\000c\000u\000m\000e\000n\000t\000a\000t\000i\000o\000n}{section.10.44}% 291
\BOOKMARK [3][-]{subsubsection.10.44.2.1}{\376\377\0001\0000\000.\0004\0004\000.\0002\000.\0001\000\040\000W\000a\000t\000e\000r\000S\000e\000n\000s\000o\000r\000\050\000\051}{subsection.10.44.2}% 292
\BOOKMARK [2][-]{subsection.10.44.3}{\376\377\0001\0000\000.\0004\0004\000.\0003\000\040\000M\000e\000m\000b\000e\000r\000\040\000F\000u\000n\000c\000t\000i\000o\000n\000\040\000D\000o\000c\000u\000m\000e\000n\000t\000a\000t\000i\000o\000n}{section.10.44}% 293
\BOOKMARK [3][-]{subsubsection.10.44.3.1}{\376\377\0001\0000\000.\0004\0004\000.\0003\000.\0001\000\040\000g\000e\000t\000W\000a\000t\000e\000r\000L\000e\000v\000e\000l\000C\000o\000m\000m\000a\000n\000d\000\050\000\051}{subsection.10.44.3}% 294
\BOOKMARK [1][-]{section.10.45}{\376\377\0001\0000\000.\0004\0005\000\040\000W\000e\000b\000S\000o\000c\000k\000e\000t\000\040\000C\000l\000a\000s\000s\000\040\000R\000e\000f\000e\000r\000e\000n\000c\000e}{chapter.10}% 295
\BOOKMARK [2][-]{subsection.10.45.1}{\376\377\0001\0000\000.\0004\0005\000.\0001\000\040\000D\000e\000t\000a\000i\000l\000e\000d\000\040\000D\000e\000s\000c\000r\000i\000p\000t\000i\000o\000n}{section.10.45}% 296
\BOOKMARK [2][-]{subsection.10.45.2}{\376\377\0001\0000\000.\0004\0005\000.\0002\000\040\000C\000o\000n\000s\000t\000r\000u\000c\000t\000o\000r\000\040\000\046\000\040\000D\000e\000s\000t\000r\000u\000c\000t\000o\000r\000\040\000D\000o\000c\000u\000m\000e\000n\000t\000a\000t\000i\000o\000n}{section.10.45}% 297
\BOOKMARK [3][-]{subsubsection.10.45.2.1}{\376\377\0001\0000\000.\0004\0005\000.\0002\000.\0001\000\040\000W\000e\000b\000S\000o\000c\000k\000e\000t\000\050\000T\000C\000P\000S\000o\000c\000k\000e\000t\000\040\000*\000s\000o\000c\000k\000\051}{subsection.10.45.2}% 298
\BOOKMARK [2][-]{subsection.10.45.3}{\376\377\0001\0000\000.\0004\0005\000.\0003\000\040\000M\000e\000m\000b\000e\000r\000\040\000F\000u\000n\000c\000t\000i\000o\000n\000\040\000D\000o\000c\000u\000m\000e\000n\000t\000a\000t\000i\000o\000n}{section.10.45}% 299
\BOOKMARK [3][-]{subsubsection.10.45.3.1}{\376\377\0001\0000\000.\0004\0005\000.\0003\000.\0001\000\040\000c\000l\000o\000s\000e\000\050\000\051}{subsection.10.45.3}% 300
\BOOKMARK [3][-]{subsubsection.10.45.3.2}{\376\377\0001\0000\000.\0004\0005\000.\0003\000.\0002\000\040\000g\000e\000t\000F\000o\000r\000e\000i\000g\000n\000A\000d\000d\000r\000e\000s\000s\000\050\000\051}{subsection.10.45.3}% 301
\BOOKMARK [3][-]{subsubsection.10.45.3.3}{\376\377\0001\0000\000.\0004\0005\000.\0003\000.\0003\000\040\000s\000e\000n\000d\000T\000e\000x\000t\000M\000e\000s\000s\000a\000g\000e\000\050\000c\000o\000n\000s\000t\000\040\000s\000t\000r\000i\000n\000g\000\040\000m\000e\000s\000s\000a\000g\000e\000\051}{subsection.10.45.3}% 302
\BOOKMARK [3][-]{subsubsection.10.45.3.4}{\376\377\0001\0000\000.\0004\0005\000.\0003\000.\0004\000\040\000s\000e\000t\000L\000i\000s\000t\000e\000n\000e\000r\000\050\000W\000e\000b\000S\000o\000c\000k\000e\000t\000L\000i\000s\000t\000e\000n\000e\000r\000\040\000*\000\051}{subsection.10.45.3}% 303
\BOOKMARK [1][-]{section.10.46}{\376\377\0001\0000\000.\0004\0006\000\040\000W\000e\000b\000S\000o\000c\000k\000e\000t\000E\000x\000c\000e\000p\000t\000i\000o\000n\000\040\000C\000l\000a\000s\000s\000\040\000R\000e\000f\000e\000r\000e\000n\000c\000e}{chapter.10}% 304
\BOOKMARK [1][-]{section.10.47}{\376\377\0001\0000\000.\0004\0007\000\040\000W\000e\000b\000S\000o\000c\000k\000e\000t\000L\000i\000s\000t\000e\000n\000e\000r\000\040\000C\000l\000a\000s\000s\000\040\000R\000e\000f\000e\000r\000e\000n\000c\000e}{chapter.10}% 305
\BOOKMARK [2][-]{subsection.10.47.1}{\376\377\0001\0000\000.\0004\0007\000.\0001\000\040\000M\000e\000m\000b\000e\000r\000\040\000F\000u\000n\000c\000t\000i\000o\000n\000\040\000D\000o\000c\000u\000m\000e\000n\000t\000a\000t\000i\000o\000n}{section.10.47}% 306
\BOOKMARK [3][-]{subsubsection.10.47.1.1}{\376\377\0001\0000\000.\0004\0007\000.\0001\000.\0001\000\040\000o\000n\000C\000l\000o\000s\000e\000\050\000W\000e\000b\000S\000o\000c\000k\000e\000t\000\040\000*\000w\000s\000\051\000=\0000}{subsection.10.47.1}% 307
\BOOKMARK [3][-]{subsubsection.10.47.1.2}{\376\377\0001\0000\000.\0004\0007\000.\0001\000.\0002\000\040\000o\000n\000T\000e\000x\000t\000M\000e\000s\000s\000a\000g\000e\000\050\000c\000o\000n\000s\000t\000\040\000s\000t\000r\000i\000n\000g\000\040\000m\000e\000s\000s\000a\000g\000e\000,\000\040\000W\000e\000b\000S\000o\000c\000k\000e\000t\000\040\000*\000w\000s\000\051\000=\0000}{subsection.10.47.1}% 308
\BOOKMARK [0][-]{chapter.11}{\376\377\0001\0001\000\040\000F\000i\000l\000e\000\040\000D\000o\000c\000u\000m\000e\000n\000t\000a\000t\000i\000o\000n}{}% 309
\BOOKMARK [1][-]{section.11.1}{\376\377\0001\0001\000.\0001\000\040\000C\000:\000/\000U\000s\000e\000r\000s\000/\000j\000e\000r\000o\000e\000n\000/\000D\000o\000c\000u\000m\000e\000n\000t\000s\000/\000G\000i\000t\000H\000u\000b\000/\000T\000h\000e\000m\000a\0006\000-\000t\000e\000a\000m\0001\0000\000/\000v\000i\000s\000u\000a\000l\000\040\000s\000t\000u\000d\000i\000o\000/\000P\000r\000o\000j\000e\000c\000t\0001\000/\000P\000r\000o\000j\000e\000c\000t\0001\000/\000H\000e\000a\000t\000e\000r\000.\000c\000p\000p\000\040\000F\000i\000l\000e\000\040\000R\000e\000f\000e\000r\000e\000n\000c\000e}{chapter.11}% 310
\BOOKMARK [2][-]{subsection.11.1.1}{\376\377\0001\0001\000.\0001\000.\0001\000\040\000D\000e\000t\000a\000i\000l\000e\000d\000\040\000D\000e\000s\000c\000r\000i\000p\000t\000i\000o\000n}{section.11.1}% 311
\BOOKMARK [1][-]{section.11.2}{\376\377\0001\0001\000.\0002\000\040\000C\000:\000/\000U\000s\000e\000r\000s\000/\000j\000e\000r\000o\000e\000n\000/\000D\000o\000c\000u\000m\000e\000n\000t\000s\000/\000G\000i\000t\000H\000u\000b\000/\000T\000h\000e\000m\000a\0006\000-\000t\000e\000a\000m\0001\0000\000/\000v\000i\000s\000u\000a\000l\000\040\000s\000t\000u\000d\000i\000o\000/\000P\000r\000o\000j\000e\000c\000t\0001\000/\000P\000r\000o\000j\000e\000c\000t\0001\000/\000l\000i\000b\000s\000e\000r\000i\000a\000l\000.\000c\000p\000p\000\040\000F\000i\000l\000e\000\040\000R\000e\000f\000e\000r\000e\000n\000c\000e}{chapter.11}% 312
\BOOKMARK [2][-]{subsection.11.2.1}{\376\377\0001\0001\000.\0002\000.\0001\000\040\000D\000e\000t\000a\000i\000l\000e\000d\000\040\000D\000e\000s\000c\000r\000i\000p\000t\000i\000o\000n}{section.11.2}% 313
\BOOKMARK [1][-]{section.11.3}{\376\377\0001\0001\000.\0003\000\040\000C\000:\000/\000U\000s\000e\000r\000s\000/\000j\000e\000r\000o\000e\000n\000/\000D\000o\000c\000u\000m\000e\000n\000t\000s\000/\000G\000i\000t\000H\000u\000b\000/\000T\000h\000e\000m\000a\0006\000-\000t\000e\000a\000m\0001\0000\000/\000v\000i\000s\000u\000a\000l\000\040\000s\000t\000u\000d\000i\000o\000/\000P\000r\000o\000j\000e\000c\000t\0001\000/\000P\000r\000o\000j\000e\000c\000t\0001\000/\000l\000i\000b\000s\000e\000r\000i\000a\000l\000.\000h\000\040\000F\000i\000l\000e\000\040\000R\000e\000f\000e\000r\000e\000n\000c\000e}{chapter.11}% 314
\BOOKMARK [2][-]{subsection.11.3.1}{\376\377\0001\0001\000.\0003\000.\0001\000\040\000D\000e\000t\000a\000i\000l\000e\000d\000\040\000D\000e\000s\000c\000r\000i\000p\000t\000i\000o\000n}{section.11.3}% 315
